The system is: Linux - 3.16.0-4-amd64 - x86_64
Compiling the Fortran compiler identification source file "CMakeFortranCompilerId.F" succeeded.
Compiler: /usr/bin/f95 
Build flags: 
Id flags: -v

The output was:
0
Driving: /usr/bin/f95 -v CMakeFortranCompilerId.F -l gfortran -l m -shared-libgcc
Using built-in specs.
COLLECT_GCC=/usr/bin/f95
COLLECT_LTO_WRAPPER=/usr/lib/gcc/x86_64-linux-gnu/4.9/lto-wrapper
Target: x86_64-linux-gnu
Configured with: ../src/configure -v --with-pkgversion='Debian 4.9.2-10' --with-bugurl=file:///usr/share/doc/gcc-4.9/README.Bugs --enable-languages=c,c++,java,go,d,fortran,objc,obj-c++ --prefix=/usr --program-suffix=-4.9 --enable-shared --enable-linker-build-id --libexecdir=/usr/lib --without-included-gettext --enable-threads=posix --with-gxx-include-dir=/usr/include/c++/4.9 --libdir=/usr/lib --enable-nls --with-sysroot=/ --enable-clocale=gnu --enable-libstdcxx-debug --enable-libstdcxx-time=yes --enable-gnu-unique-object --disable-vtable-verify --enable-plugin --with-system-zlib --disable-browser-plugin --enable-java-awt=gtk --enable-gtk-cairo --with-java-home=/usr/lib/jvm/java-1.5.0-gcj-4.9-amd64/jre --enable-java-home --with-jvm-root-dir=/usr/lib/jvm/java-1.5.0-gcj-4.9-amd64 --with-jvm-jar-dir=/usr/lib/jvm-exports/java-1.5.0-gcj-4.9-amd64 --with-arch-directory=amd64 --with-ecj-jar=/usr/share/java/eclipse-ecj.jar --enable-objc-gc --enable-multiarch --with-arch-32=i586 --with-abi=m64 --with-multilib-list=m32,m64,mx32 --enable-multilib --with-tune=generic --enable-checking=release --build=x86_64-linux-gnu --host=x86_64-linux-gnu --target=x86_64-linux-gnu
Thread model: posix
gcc version 4.9.2 (Debian 4.9.2-10) 
COLLECT_GCC_OPTIONS='-v' '-shared-libgcc' '-mtune=generic' '-march=x86-64'
 /usr/lib/gcc/x86_64-linux-gnu/4.9/f951 CMakeFortranCompilerId.F -ffixed-form -cpp=/tmp/cc3Nu61W.f90 -quiet -v -imultiarch x86_64-linux-gnu CMakeFortranCompilerId.F -quiet -dumpbase CMakeFortranCompilerId.F -mtune=generic -march=x86-64 -auxbase CMakeFortranCompilerId -version -fintrinsic-modules-path /usr/lib/gcc/x86_64-linux-gnu/4.9/finclude -o /tmp/ccOufWyM.s
GNU Fortran (Debian 4.9.2-10) version 4.9.2 (x86_64-linux-gnu)
	compiled by GNU C version 4.9.2, GMP version 6.0.0, MPFR version 3.1.2-p3, MPC version 1.0.2
GGC heuristics: --param ggc-min-expand=100 --param ggc-min-heapsize=131072
ignoring nonexistent directory "/usr/local/include/x86_64-linux-gnu"
ignoring nonexistent directory "/usr/lib/gcc/x86_64-linux-gnu/4.9/../../../../x86_64-linux-gnu/include"
#include "..." search starts here:
#include <...> search starts here:
 /usr/lib/gcc/x86_64-linux-gnu/4.9/finclude
 /usr/lib/gcc/x86_64-linux-gnu/4.9/include
 /usr/local/include
 /usr/lib/gcc/x86_64-linux-gnu/4.9/include-fixed
 /usr/include/x86_64-linux-gnu
 /usr/include
End of search list.
GNU Fortran (Debian 4.9.2-10) version 4.9.2 (x86_64-linux-gnu)
	compiled by GNU C version 4.9.2, GMP version 6.0.0, MPFR version 3.1.2-p3, MPC version 1.0.2
GGC heuristics: --param ggc-min-expand=100 --param ggc-min-heapsize=131072
COLLECT_GCC_OPTIONS='-v' '-shared-libgcc' '-mtune=generic' '-march=x86-64'
 as -v --64 -o /tmp/ccGDFM8B.o /tmp/ccOufWyM.s
GNU assembler version 2.25 (x86_64-linux-gnu) using BFD version (GNU Binutils for Debian) 2.25
Reading specs from /usr/lib/gcc/x86_64-linux-gnu/4.9/libgfortran.spec
rename spec lib to liborig
COLLECT_GCC_OPTIONS='-v' '-shared-libgcc' '-mtune=generic' '-march=x86-64'
COMPILER_PATH=/usr/lib/gcc/x86_64-linux-gnu/4.9/:/usr/lib/gcc/x86_64-linux-gnu/4.9/:/usr/lib/gcc/x86_64-linux-gnu/:/usr/lib/gcc/x86_64-linux-gnu/4.9/:/usr/lib/gcc/x86_64-linux-gnu/
LIBRARY_PATH=/usr/lib/gcc/x86_64-linux-gnu/4.9/:/usr/lib/gcc/x86_64-linux-gnu/4.9/../../../x86_64-linux-gnu/:/usr/lib/gcc/x86_64-linux-gnu/4.9/../../../../lib/:/lib/x86_64-linux-gnu/:/lib/../lib/:/usr/lib/x86_64-linux-gnu/:/usr/lib/../lib/:/usr/lib/gcc/x86_64-linux-gnu/4.9/../../../:/lib/:/usr/lib/
COLLECT_GCC_OPTIONS='-v' '-shared-libgcc' '-mtune=generic' '-march=x86-64'
 /usr/lib/gcc/x86_64-linux-gnu/4.9/collect2 -plugin /usr/lib/gcc/x86_64-linux-gnu/4.9/liblto_plugin.so -plugin-opt=/usr/lib/gcc/x86_64-linux-gnu/4.9/lto-wrapper -plugin-opt=-fresolution=/tmp/ccTVElJr.res -plugin-opt=-pass-through=-lgcc_s -plugin-opt=-pass-through=-lgcc -plugin-opt=-pass-through=-lquadmath -plugin-opt=-pass-through=-lm -plugin-opt=-pass-through=-lgcc_s -plugin-opt=-pass-through=-lgcc -plugin-opt=-pass-through=-lc -plugin-opt=-pass-through=-lgcc_s -plugin-opt=-pass-through=-lgcc --sysroot=/ --build-id --eh-frame-hdr -m elf_x86_64 --hash-style=gnu -dynamic-linker /lib64/ld-linux-x86-64.so.2 /usr/lib/gcc/x86_64-linux-gnu/4.9/../../../x86_64-linux-gnu/crt1.o /usr/lib/gcc/x86_64-linux-gnu/4.9/../../../x86_64-linux-gnu/crti.o /usr/lib/gcc/x86_64-linux-gnu/4.9/crtbegin.o -L/usr/lib/gcc/x86_64-linux-gnu/4.9 -L/usr/lib/gcc/x86_64-linux-gnu/4.9/../../../x86_64-linux-gnu -L/usr/lib/gcc/x86_64-linux-gnu/4.9/../../../../lib -L/lib/x86_64-linux-gnu -L/lib/../lib -L/usr/lib/x86_64-linux-gnu -L/usr/lib/../lib -L/usr/lib/gcc/x86_64-linux-gnu/4.9/../../.. /tmp/ccGDFM8B.o -lgfortran -lm -lgcc_s -lgcc -lquadmath -lm -lgcc_s -lgcc -lc -lgcc_s -lgcc /usr/lib/gcc/x86_64-linux-gnu/4.9/crtend.o /usr/lib/gcc/x86_64-linux-gnu/4.9/../../../x86_64-linux-gnu/crtn.o


Compilation of the Fortran compiler identification source "CMakeFortranCompilerId.F" produced "a.out"

The Fortran compiler identification is GNU, found in "/usr/local/home/kraemer/software/iron-examples/PoissonExample/release_build/CMakeFiles/3.5.0/CompilerIdFortran/a.out"

Determining if the Fortran compiler works passed with the following output:
Change Dir: /usr/local/home/kraemer/software/iron-examples/PoissonExample/release_build/CMakeFiles/CMakeTmp

Run Build Command:"/usr/bin/make" "cmTC_f6777/fast"
/usr/bin/make -f CMakeFiles/cmTC_f6777.dir/build.make CMakeFiles/cmTC_f6777.dir/build
make[1]: Entering directory '/usr/local/home/kraemer/software/iron-examples/PoissonExample/release_build/CMakeFiles/CMakeTmp'
Building Fortran object CMakeFiles/cmTC_f6777.dir/testFortranCompiler.f.o
/usr/bin/f95     -c /usr/local/home/kraemer/software/iron-examples/PoissonExample/release_build/CMakeFiles/CMakeTmp/testFortranCompiler.f -o CMakeFiles/cmTC_f6777.dir/testFortranCompiler.f.o
Linking Fortran executable cmTC_f6777
/afs/.mathematik.uni-stuttgart.de/home/cmcs/share/environment-modules/Packages/cmake/3.5.0/bin/cmake -E cmake_link_script CMakeFiles/cmTC_f6777.dir/link.txt --verbose=1
/usr/bin/f95       CMakeFiles/cmTC_f6777.dir/testFortranCompiler.f.o  -o cmTC_f6777  
make[1]: Leaving directory '/usr/local/home/kraemer/software/iron-examples/PoissonExample/release_build/CMakeFiles/CMakeTmp'


Detecting Fortran compiler ABI info compiled with the following output:
Change Dir: /usr/local/home/kraemer/software/iron-examples/PoissonExample/release_build/CMakeFiles/CMakeTmp

Run Build Command:"/usr/bin/make" "cmTC_623d3/fast"
/usr/bin/make -f CMakeFiles/cmTC_623d3.dir/build.make CMakeFiles/cmTC_623d3.dir/build
make[1]: Entering directory '/usr/local/home/kraemer/software/iron-examples/PoissonExample/release_build/CMakeFiles/CMakeTmp'
Building Fortran object CMakeFiles/cmTC_623d3.dir/CMakeFortranCompilerABI.F.o
/usr/bin/f95     -c /afs/.mathematik.uni-stuttgart.de/home/cmcs/share/environment-modules/Packages/cmake/3.5.0/share/cmake-3.5/Modules/CMakeFortranCompilerABI.F -o CMakeFiles/cmTC_623d3.dir/CMakeFortranCompilerABI.F.o
Linking Fortran executable cmTC_623d3
/afs/.mathematik.uni-stuttgart.de/home/cmcs/share/environment-modules/Packages/cmake/3.5.0/bin/cmake -E cmake_link_script CMakeFiles/cmTC_623d3.dir/link.txt --verbose=1
/usr/bin/f95    -v   CMakeFiles/cmTC_623d3.dir/CMakeFortranCompilerABI.F.o  -o cmTC_623d3   
Driving: /usr/bin/f95 -v CMakeFiles/cmTC_623d3.dir/CMakeFortranCompilerABI.F.o -o cmTC_623d3 -l gfortran -l m -shared-libgcc
Using built-in specs.
COLLECT_GCC=/usr/bin/f95
COLLECT_LTO_WRAPPER=/usr/lib/gcc/x86_64-linux-gnu/4.9/lto-wrapper
Target: x86_64-linux-gnu
Configured with: ../src/configure -v --with-pkgversion='Debian 4.9.2-10' --with-bugurl=file:///usr/share/doc/gcc-4.9/README.Bugs --enable-languages=c,c++,java,go,d,fortran,objc,obj-c++ --prefix=/usr --program-suffix=-4.9 --enable-shared --enable-linker-build-id --libexecdir=/usr/lib --without-included-gettext --enable-threads=posix --with-gxx-include-dir=/usr/include/c++/4.9 --libdir=/usr/lib --enable-nls --with-sysroot=/ --enable-clocale=gnu --enable-libstdcxx-debug --enable-libstdcxx-time=yes --enable-gnu-unique-object --disable-vtable-verify --enable-plugin --with-system-zlib --disable-browser-plugin --enable-java-awt=gtk --enable-gtk-cairo --with-java-home=/usr/lib/jvm/java-1.5.0-gcj-4.9-amd64/jre --enable-java-home --with-jvm-root-dir=/usr/lib/jvm/java-1.5.0-gcj-4.9-amd64 --with-jvm-jar-dir=/usr/lib/jvm-exports/java-1.5.0-gcj-4.9-amd64 --with-arch-directory=amd64 --with-ecj-jar=/usr/share/java/eclipse-ecj.jar --enable-objc-gc --enable-multiarch --with-arch-32=i586 --with-abi=m64 --with-multilib-list=m32,m64,mx32 --enable-multilib --with-tune=generic --enable-checking=release --build=x86_64-linux-gnu --host=x86_64-linux-gnu --target=x86_64-linux-gnu
Thread model: posix
gcc version 4.9.2 (Debian 4.9.2-10) 
Reading specs from /usr/lib/gcc/x86_64-linux-gnu/4.9/libgfortran.spec
rename spec lib to liborig
COLLECT_GCC_OPTIONS='-v' '-o' 'cmTC_623d3' '-shared-libgcc' '-mtune=generic' '-march=x86-64'
COMPILER_PATH=/usr/lib/gcc/x86_64-linux-gnu/4.9/:/usr/lib/gcc/x86_64-linux-gnu/4.9/:/usr/lib/gcc/x86_64-linux-gnu/:/usr/lib/gcc/x86_64-linux-gnu/4.9/:/usr/lib/gcc/x86_64-linux-gnu/
LIBRARY_PATH=/usr/lib/gcc/x86_64-linux-gnu/4.9/:/usr/lib/gcc/x86_64-linux-gnu/4.9/../../../x86_64-linux-gnu/:/usr/lib/gcc/x86_64-linux-gnu/4.9/../../../../lib/:/lib/x86_64-linux-gnu/:/lib/../lib/:/usr/lib/x86_64-linux-gnu/:/usr/lib/../lib/:/usr/lib/gcc/x86_64-linux-gnu/4.9/../../../:/lib/:/usr/lib/
COLLECT_GCC_OPTIONS='-v' '-o' 'cmTC_623d3' '-shared-libgcc' '-mtune=generic' '-march=x86-64'
 /usr/lib/gcc/x86_64-linux-gnu/4.9/collect2 -plugin /usr/lib/gcc/x86_64-linux-gnu/4.9/liblto_plugin.so -plugin-opt=/usr/lib/gcc/x86_64-linux-gnu/4.9/lto-wrapper -plugin-opt=-fresolution=/tmp/ccbzdHo4.res -plugin-opt=-pass-through=-lgcc_s -plugin-opt=-pass-through=-lgcc -plugin-opt=-pass-through=-lquadmath -plugin-opt=-pass-through=-lm -plugin-opt=-pass-through=-lgcc_s -plugin-opt=-pass-through=-lgcc -plugin-opt=-pass-through=-lc -plugin-opt=-pass-through=-lgcc_s -plugin-opt=-pass-through=-lgcc --sysroot=/ --build-id --eh-frame-hdr -m elf_x86_64 --hash-style=gnu -dynamic-linker /lib64/ld-linux-x86-64.so.2 -o cmTC_623d3 /usr/lib/gcc/x86_64-linux-gnu/4.9/../../../x86_64-linux-gnu/crt1.o /usr/lib/gcc/x86_64-linux-gnu/4.9/../../../x86_64-linux-gnu/crti.o /usr/lib/gcc/x86_64-linux-gnu/4.9/crtbegin.o -L/usr/lib/gcc/x86_64-linux-gnu/4.9 -L/usr/lib/gcc/x86_64-linux-gnu/4.9/../../../x86_64-linux-gnu -L/usr/lib/gcc/x86_64-linux-gnu/4.9/../../../../lib -L/lib/x86_64-linux-gnu -L/lib/../lib -L/usr/lib/x86_64-linux-gnu -L/usr/lib/../lib -L/usr/lib/gcc/x86_64-linux-gnu/4.9/../../.. CMakeFiles/cmTC_623d3.dir/CMakeFortranCompilerABI.F.o -lgfortran -lm -lgcc_s -lgcc -lquadmath -lm -lgcc_s -lgcc -lc -lgcc_s -lgcc /usr/lib/gcc/x86_64-linux-gnu/4.9/crtend.o /usr/lib/gcc/x86_64-linux-gnu/4.9/../../../x86_64-linux-gnu/crtn.o
make[1]: Leaving directory '/usr/local/home/kraemer/software/iron-examples/PoissonExample/release_build/CMakeFiles/CMakeTmp'


Parsed Fortran implicit link information from above output:
  link line regex: [^( *|.*[/\])(ld|([^/\]+-)?ld|collect2)[^/\]*( |$)]
  ignore line: [Change Dir: /usr/local/home/kraemer/software/iron-examples/PoissonExample/release_build/CMakeFiles/CMakeTmp]
  ignore line: []
  ignore line: [Run Build Command:"/usr/bin/make" "cmTC_623d3/fast"]
  ignore line: [/usr/bin/make -f CMakeFiles/cmTC_623d3.dir/build.make CMakeFiles/cmTC_623d3.dir/build]
  ignore line: [make[1]: Entering directory '/usr/local/home/kraemer/software/iron-examples/PoissonExample/release_build/CMakeFiles/CMakeTmp']
  ignore line: [Building Fortran object CMakeFiles/cmTC_623d3.dir/CMakeFortranCompilerABI.F.o]
  ignore line: [/usr/bin/f95     -c /afs/.mathematik.uni-stuttgart.de/home/cmcs/share/environment-modules/Packages/cmake/3.5.0/share/cmake-3.5/Modules/CMakeFortranCompilerABI.F -o CMakeFiles/cmTC_623d3.dir/CMakeFortranCompilerABI.F.o]
  ignore line: [Linking Fortran executable cmTC_623d3]
  ignore line: [/afs/.mathematik.uni-stuttgart.de/home/cmcs/share/environment-modules/Packages/cmake/3.5.0/bin/cmake -E cmake_link_script CMakeFiles/cmTC_623d3.dir/link.txt --verbose=1]
  ignore line: [/usr/bin/f95    -v   CMakeFiles/cmTC_623d3.dir/CMakeFortranCompilerABI.F.o  -o cmTC_623d3   ]
  ignore line: [Driving: /usr/bin/f95 -v CMakeFiles/cmTC_623d3.dir/CMakeFortranCompilerABI.F.o -o cmTC_623d3 -l gfortran -l m -shared-libgcc]
  ignore line: [Using built-in specs.]
  ignore line: [COLLECT_GCC=/usr/bin/f95]
  ignore line: [COLLECT_LTO_WRAPPER=/usr/lib/gcc/x86_64-linux-gnu/4.9/lto-wrapper]
  ignore line: [Target: x86_64-linux-gnu]
  ignore line: [Configured with: ../src/configure -v --with-pkgversion='Debian 4.9.2-10' --with-bugurl=file:///usr/share/doc/gcc-4.9/README.Bugs --enable-languages=c,c++,java,go,d,fortran,objc,obj-c++ --prefix=/usr --program-suffix=-4.9 --enable-shared --enable-linker-build-id --libexecdir=/usr/lib --without-included-gettext --enable-threads=posix --with-gxx-include-dir=/usr/include/c++/4.9 --libdir=/usr/lib --enable-nls --with-sysroot=/ --enable-clocale=gnu --enable-libstdcxx-debug --enable-libstdcxx-time=yes --enable-gnu-unique-object --disable-vtable-verify --enable-plugin --with-system-zlib --disable-browser-plugin --enable-java-awt=gtk --enable-gtk-cairo --with-java-home=/usr/lib/jvm/java-1.5.0-gcj-4.9-amd64/jre --enable-java-home --with-jvm-root-dir=/usr/lib/jvm/java-1.5.0-gcj-4.9-amd64 --with-jvm-jar-dir=/usr/lib/jvm-exports/java-1.5.0-gcj-4.9-amd64 --with-arch-directory=amd64 --with-ecj-jar=/usr/share/java/eclipse-ecj.jar --enable-objc-gc --enable-multiarch --with-arch-32=i586 --with-abi=m64 --with-multilib-list=m32,m64,mx32 --enable-multilib --with-tune=generic --enable-checking=release --build=x86_64-linux-gnu --host=x86_64-linux-gnu --target=x86_64-linux-gnu]
  ignore line: [Thread model: posix]
  ignore line: [gcc version 4.9.2 (Debian 4.9.2-10) ]
  ignore line: [Reading specs from /usr/lib/gcc/x86_64-linux-gnu/4.9/libgfortran.spec]
  ignore line: [rename spec lib to liborig]
  ignore line: [COLLECT_GCC_OPTIONS='-v' '-o' 'cmTC_623d3' '-shared-libgcc' '-mtune=generic' '-march=x86-64']
  ignore line: [COMPILER_PATH=/usr/lib/gcc/x86_64-linux-gnu/4.9/:/usr/lib/gcc/x86_64-linux-gnu/4.9/:/usr/lib/gcc/x86_64-linux-gnu/:/usr/lib/gcc/x86_64-linux-gnu/4.9/:/usr/lib/gcc/x86_64-linux-gnu/]
  ignore line: [LIBRARY_PATH=/usr/lib/gcc/x86_64-linux-gnu/4.9/:/usr/lib/gcc/x86_64-linux-gnu/4.9/../../../x86_64-linux-gnu/:/usr/lib/gcc/x86_64-linux-gnu/4.9/../../../../lib/:/lib/x86_64-linux-gnu/:/lib/../lib/:/usr/lib/x86_64-linux-gnu/:/usr/lib/../lib/:/usr/lib/gcc/x86_64-linux-gnu/4.9/../../../:/lib/:/usr/lib/]
  ignore line: [COLLECT_GCC_OPTIONS='-v' '-o' 'cmTC_623d3' '-shared-libgcc' '-mtune=generic' '-march=x86-64']
  link line: [ /usr/lib/gcc/x86_64-linux-gnu/4.9/collect2 -plugin /usr/lib/gcc/x86_64-linux-gnu/4.9/liblto_plugin.so -plugin-opt=/usr/lib/gcc/x86_64-linux-gnu/4.9/lto-wrapper -plugin-opt=-fresolution=/tmp/ccbzdHo4.res -plugin-opt=-pass-through=-lgcc_s -plugin-opt=-pass-through=-lgcc -plugin-opt=-pass-through=-lquadmath -plugin-opt=-pass-through=-lm -plugin-opt=-pass-through=-lgcc_s -plugin-opt=-pass-through=-lgcc -plugin-opt=-pass-through=-lc -plugin-opt=-pass-through=-lgcc_s -plugin-opt=-pass-through=-lgcc --sysroot=/ --build-id --eh-frame-hdr -m elf_x86_64 --hash-style=gnu -dynamic-linker /lib64/ld-linux-x86-64.so.2 -o cmTC_623d3 /usr/lib/gcc/x86_64-linux-gnu/4.9/../../../x86_64-linux-gnu/crt1.o /usr/lib/gcc/x86_64-linux-gnu/4.9/../../../x86_64-linux-gnu/crti.o /usr/lib/gcc/x86_64-linux-gnu/4.9/crtbegin.o -L/usr/lib/gcc/x86_64-linux-gnu/4.9 -L/usr/lib/gcc/x86_64-linux-gnu/4.9/../../../x86_64-linux-gnu -L/usr/lib/gcc/x86_64-linux-gnu/4.9/../../../../lib -L/lib/x86_64-linux-gnu -L/lib/../lib -L/usr/lib/x86_64-linux-gnu -L/usr/lib/../lib -L/usr/lib/gcc/x86_64-linux-gnu/4.9/../../.. CMakeFiles/cmTC_623d3.dir/CMakeFortranCompilerABI.F.o -lgfortran -lm -lgcc_s -lgcc -lquadmath -lm -lgcc_s -lgcc -lc -lgcc_s -lgcc /usr/lib/gcc/x86_64-linux-gnu/4.9/crtend.o /usr/lib/gcc/x86_64-linux-gnu/4.9/../../../x86_64-linux-gnu/crtn.o]
    arg [/usr/lib/gcc/x86_64-linux-gnu/4.9/collect2] ==> ignore
    arg [-plugin] ==> ignore
    arg [/usr/lib/gcc/x86_64-linux-gnu/4.9/liblto_plugin.so] ==> ignore
    arg [-plugin-opt=/usr/lib/gcc/x86_64-linux-gnu/4.9/lto-wrapper] ==> ignore
    arg [-plugin-opt=-fresolution=/tmp/ccbzdHo4.res] ==> ignore
    arg [-plugin-opt=-pass-through=-lgcc_s] ==> ignore
    arg [-plugin-opt=-pass-through=-lgcc] ==> ignore
    arg [-plugin-opt=-pass-through=-lquadmath] ==> ignore
    arg [-plugin-opt=-pass-through=-lm] ==> ignore
    arg [-plugin-opt=-pass-through=-lgcc_s] ==> ignore
    arg [-plugin-opt=-pass-through=-lgcc] ==> ignore
    arg [-plugin-opt=-pass-through=-lc] ==> ignore
    arg [-plugin-opt=-pass-through=-lgcc_s] ==> ignore
    arg [-plugin-opt=-pass-through=-lgcc] ==> ignore
    arg [--sysroot=/] ==> ignore
    arg [--build-id] ==> ignore
    arg [--eh-frame-hdr] ==> ignore
    arg [-m] ==> ignore
    arg [elf_x86_64] ==> ignore
    arg [--hash-style=gnu] ==> ignore
    arg [-dynamic-linker] ==> ignore
    arg [/lib64/ld-linux-x86-64.so.2] ==> ignore
    arg [-o] ==> ignore
    arg [cmTC_623d3] ==> ignore
    arg [/usr/lib/gcc/x86_64-linux-gnu/4.9/../../../x86_64-linux-gnu/crt1.o] ==> ignore
    arg [/usr/lib/gcc/x86_64-linux-gnu/4.9/../../../x86_64-linux-gnu/crti.o] ==> ignore
    arg [/usr/lib/gcc/x86_64-linux-gnu/4.9/crtbegin.o] ==> ignore
    arg [-L/usr/lib/gcc/x86_64-linux-gnu/4.9] ==> dir [/usr/lib/gcc/x86_64-linux-gnu/4.9]
    arg [-L/usr/lib/gcc/x86_64-linux-gnu/4.9/../../../x86_64-linux-gnu] ==> dir [/usr/lib/gcc/x86_64-linux-gnu/4.9/../../../x86_64-linux-gnu]
    arg [-L/usr/lib/gcc/x86_64-linux-gnu/4.9/../../../../lib] ==> dir [/usr/lib/gcc/x86_64-linux-gnu/4.9/../../../../lib]
    arg [-L/lib/x86_64-linux-gnu] ==> dir [/lib/x86_64-linux-gnu]
    arg [-L/lib/../lib] ==> dir [/lib/../lib]
    arg [-L/usr/lib/x86_64-linux-gnu] ==> dir [/usr/lib/x86_64-linux-gnu]
    arg [-L/usr/lib/../lib] ==> dir [/usr/lib/../lib]
    arg [-L/usr/lib/gcc/x86_64-linux-gnu/4.9/../../..] ==> dir [/usr/lib/gcc/x86_64-linux-gnu/4.9/../../..]
    arg [CMakeFiles/cmTC_623d3.dir/CMakeFortranCompilerABI.F.o] ==> ignore
    arg [-lgfortran] ==> lib [gfortran]
    arg [-lm] ==> lib [m]
    arg [-lgcc_s] ==> lib [gcc_s]
    arg [-lgcc] ==> lib [gcc]
    arg [-lquadmath] ==> lib [quadmath]
    arg [-lm] ==> lib [m]
    arg [-lgcc_s] ==> lib [gcc_s]
    arg [-lgcc] ==> lib [gcc]
    arg [-lc] ==> lib [c]
    arg [-lgcc_s] ==> lib [gcc_s]
    arg [-lgcc] ==> lib [gcc]
    arg [/usr/lib/gcc/x86_64-linux-gnu/4.9/crtend.o] ==> ignore
    arg [/usr/lib/gcc/x86_64-linux-gnu/4.9/../../../x86_64-linux-gnu/crtn.o] ==> ignore
  remove lib [gcc_s]
  remove lib [gcc]
  remove lib [gcc_s]
  remove lib [gcc]
  remove lib [gcc_s]
  remove lib [gcc]
  collapse library dir [/usr/lib/gcc/x86_64-linux-gnu/4.9] ==> [/usr/lib/gcc/x86_64-linux-gnu/4.9]
  collapse library dir [/usr/lib/gcc/x86_64-linux-gnu/4.9/../../../x86_64-linux-gnu] ==> [/usr/lib/x86_64-linux-gnu]
  collapse library dir [/usr/lib/gcc/x86_64-linux-gnu/4.9/../../../../lib] ==> [/usr/lib]
  collapse library dir [/lib/x86_64-linux-gnu] ==> [/lib/x86_64-linux-gnu]
  collapse library dir [/lib/../lib] ==> [/lib]
  collapse library dir [/usr/lib/x86_64-linux-gnu] ==> [/usr/lib/x86_64-linux-gnu]
  collapse library dir [/usr/lib/../lib] ==> [/usr/lib]
  collapse library dir [/usr/lib/gcc/x86_64-linux-gnu/4.9/../../..] ==> [/usr/lib]
  implicit libs: [gfortran;m;quadmath;m;c]
  implicit dirs: [/usr/lib/gcc/x86_64-linux-gnu/4.9;/usr/lib/x86_64-linux-gnu;/usr/lib;/lib/x86_64-linux-gnu;/lib]
  implicit fwks: []


Determining if the Fortran compiler supports Fortran 90 passed with the following output:
Change Dir: /usr/local/home/kraemer/software/iron-examples/PoissonExample/release_build/CMakeFiles/CMakeTmp

Run Build Command:"/usr/bin/make" "cmTC_881b9/fast"
/usr/bin/make -f CMakeFiles/cmTC_881b9.dir/build.make CMakeFiles/cmTC_881b9.dir/build
make[1]: Entering directory '/usr/local/home/kraemer/software/iron-examples/PoissonExample/release_build/CMakeFiles/CMakeTmp'
Building Fortran object CMakeFiles/cmTC_881b9.dir/testFortranCompilerF90.f90.o
/usr/bin/f95     -c /usr/local/home/kraemer/software/iron-examples/PoissonExample/release_build/CMakeFiles/CMakeTmp/testFortranCompilerF90.f90 -o CMakeFiles/cmTC_881b9.dir/testFortranCompilerF90.f90.o
Linking Fortran executable cmTC_881b9
/afs/.mathematik.uni-stuttgart.de/home/cmcs/share/environment-modules/Packages/cmake/3.5.0/bin/cmake -E cmake_link_script CMakeFiles/cmTC_881b9.dir/link.txt --verbose=1
/usr/bin/f95       CMakeFiles/cmTC_881b9.dir/testFortranCompilerF90.f90.o  -o cmTC_881b9  
make[1]: Leaving directory '/usr/local/home/kraemer/software/iron-examples/PoissonExample/release_build/CMakeFiles/CMakeTmp'


Compiling the C compiler identification source file "CMakeCCompilerId.c" succeeded.
Compiler: /usr/bin/cc 
Build flags: 
Id flags: 

The output was:
0


Compilation of the C compiler identification source "CMakeCCompilerId.c" produced "a.out"

The C compiler identification is GNU, found in "/usr/local/home/kraemer/software/iron-examples/PoissonExample/release_build/CMakeFiles/3.5.0/CompilerIdC/a.out"

Determining if the C compiler works passed with the following output:
Change Dir: /usr/local/home/kraemer/software/iron-examples/PoissonExample/release_build/CMakeFiles/CMakeTmp

Run Build Command:"/usr/bin/make" "cmTC_72837/fast"
/usr/bin/make -f CMakeFiles/cmTC_72837.dir/build.make CMakeFiles/cmTC_72837.dir/build
make[1]: Entering directory '/usr/local/home/kraemer/software/iron-examples/PoissonExample/release_build/CMakeFiles/CMakeTmp'
Building C object CMakeFiles/cmTC_72837.dir/testCCompiler.c.o
/usr/bin/cc     -o CMakeFiles/cmTC_72837.dir/testCCompiler.c.o   -c /usr/local/home/kraemer/software/iron-examples/PoissonExample/release_build/CMakeFiles/CMakeTmp/testCCompiler.c
Linking C executable cmTC_72837
/afs/.mathematik.uni-stuttgart.de/home/cmcs/share/environment-modules/Packages/cmake/3.5.0/bin/cmake -E cmake_link_script CMakeFiles/cmTC_72837.dir/link.txt --verbose=1
/usr/bin/cc       CMakeFiles/cmTC_72837.dir/testCCompiler.c.o  -o cmTC_72837 -rdynamic 
make[1]: Leaving directory '/usr/local/home/kraemer/software/iron-examples/PoissonExample/release_build/CMakeFiles/CMakeTmp'


Detecting C compiler ABI info compiled with the following output:
Change Dir: /usr/local/home/kraemer/software/iron-examples/PoissonExample/release_build/CMakeFiles/CMakeTmp

Run Build Command:"/usr/bin/make" "cmTC_875ab/fast"
/usr/bin/make -f CMakeFiles/cmTC_875ab.dir/build.make CMakeFiles/cmTC_875ab.dir/build
make[1]: Entering directory '/usr/local/home/kraemer/software/iron-examples/PoissonExample/release_build/CMakeFiles/CMakeTmp'
Building C object CMakeFiles/cmTC_875ab.dir/CMakeCCompilerABI.c.o
/usr/bin/cc     -o CMakeFiles/cmTC_875ab.dir/CMakeCCompilerABI.c.o   -c /afs/.mathematik.uni-stuttgart.de/home/cmcs/share/environment-modules/Packages/cmake/3.5.0/share/cmake-3.5/Modules/CMakeCCompilerABI.c
Linking C executable cmTC_875ab
/afs/.mathematik.uni-stuttgart.de/home/cmcs/share/environment-modules/Packages/cmake/3.5.0/bin/cmake -E cmake_link_script CMakeFiles/cmTC_875ab.dir/link.txt --verbose=1
/usr/bin/cc      -v CMakeFiles/cmTC_875ab.dir/CMakeCCompilerABI.c.o  -o cmTC_875ab -rdynamic  
Using built-in specs.
COLLECT_GCC=/usr/bin/cc
COLLECT_LTO_WRAPPER=/usr/lib/gcc/x86_64-linux-gnu/4.9/lto-wrapper
Target: x86_64-linux-gnu
Configured with: ../src/configure -v --with-pkgversion='Debian 4.9.2-10' --with-bugurl=file:///usr/share/doc/gcc-4.9/README.Bugs --enable-languages=c,c++,java,go,d,fortran,objc,obj-c++ --prefix=/usr --program-suffix=-4.9 --enable-shared --enable-linker-build-id --libexecdir=/usr/lib --without-included-gettext --enable-threads=posix --with-gxx-include-dir=/usr/include/c++/4.9 --libdir=/usr/lib --enable-nls --with-sysroot=/ --enable-clocale=gnu --enable-libstdcxx-debug --enable-libstdcxx-time=yes --enable-gnu-unique-object --disable-vtable-verify --enable-plugin --with-system-zlib --disable-browser-plugin --enable-java-awt=gtk --enable-gtk-cairo --with-java-home=/usr/lib/jvm/java-1.5.0-gcj-4.9-amd64/jre --enable-java-home --with-jvm-root-dir=/usr/lib/jvm/java-1.5.0-gcj-4.9-amd64 --with-jvm-jar-dir=/usr/lib/jvm-exports/java-1.5.0-gcj-4.9-amd64 --with-arch-directory=amd64 --with-ecj-jar=/usr/share/java/eclipse-ecj.jar --enable-objc-gc --enable-multiarch --with-arch-32=i586 --with-abi=m64 --with-multilib-list=m32,m64,mx32 --enable-multilib --with-tune=generic --enable-checking=release --build=x86_64-linux-gnu --host=x86_64-linux-gnu --target=x86_64-linux-gnu
Thread model: posix
gcc version 4.9.2 (Debian 4.9.2-10) 
COMPILER_PATH=/usr/lib/gcc/x86_64-linux-gnu/4.9/:/usr/lib/gcc/x86_64-linux-gnu/4.9/:/usr/lib/gcc/x86_64-linux-gnu/:/usr/lib/gcc/x86_64-linux-gnu/4.9/:/usr/lib/gcc/x86_64-linux-gnu/
LIBRARY_PATH=/usr/lib/gcc/x86_64-linux-gnu/4.9/:/usr/lib/gcc/x86_64-linux-gnu/4.9/../../../x86_64-linux-gnu/:/usr/lib/gcc/x86_64-linux-gnu/4.9/../../../../lib/:/lib/x86_64-linux-gnu/:/lib/../lib/:/usr/lib/x86_64-linux-gnu/:/usr/lib/../lib/:/usr/lib/gcc/x86_64-linux-gnu/4.9/../../../:/lib/:/usr/lib/
COLLECT_GCC_OPTIONS='-v' '-o' 'cmTC_875ab' '-rdynamic' '-mtune=generic' '-march=x86-64'
 /usr/lib/gcc/x86_64-linux-gnu/4.9/collect2 -plugin /usr/lib/gcc/x86_64-linux-gnu/4.9/liblto_plugin.so -plugin-opt=/usr/lib/gcc/x86_64-linux-gnu/4.9/lto-wrapper -plugin-opt=-fresolution=/tmp/cc4QEha6.res -plugin-opt=-pass-through=-lgcc -plugin-opt=-pass-through=-lgcc_s -plugin-opt=-pass-through=-lc -plugin-opt=-pass-through=-lgcc -plugin-opt=-pass-through=-lgcc_s --sysroot=/ --build-id --eh-frame-hdr -m elf_x86_64 --hash-style=gnu -export-dynamic -dynamic-linker /lib64/ld-linux-x86-64.so.2 -o cmTC_875ab /usr/lib/gcc/x86_64-linux-gnu/4.9/../../../x86_64-linux-gnu/crt1.o /usr/lib/gcc/x86_64-linux-gnu/4.9/../../../x86_64-linux-gnu/crti.o /usr/lib/gcc/x86_64-linux-gnu/4.9/crtbegin.o -L/usr/lib/gcc/x86_64-linux-gnu/4.9 -L/usr/lib/gcc/x86_64-linux-gnu/4.9/../../../x86_64-linux-gnu -L/usr/lib/gcc/x86_64-linux-gnu/4.9/../../../../lib -L/lib/x86_64-linux-gnu -L/lib/../lib -L/usr/lib/x86_64-linux-gnu -L/usr/lib/../lib -L/usr/lib/gcc/x86_64-linux-gnu/4.9/../../.. CMakeFiles/cmTC_875ab.dir/CMakeCCompilerABI.c.o -lgcc --as-needed -lgcc_s --no-as-needed -lc -lgcc --as-needed -lgcc_s --no-as-needed /usr/lib/gcc/x86_64-linux-gnu/4.9/crtend.o /usr/lib/gcc/x86_64-linux-gnu/4.9/../../../x86_64-linux-gnu/crtn.o
make[1]: Leaving directory '/usr/local/home/kraemer/software/iron-examples/PoissonExample/release_build/CMakeFiles/CMakeTmp'


Parsed C implicit link information from above output:
  link line regex: [^( *|.*[/\])(ld|([^/\]+-)?ld|collect2)[^/\]*( |$)]
  ignore line: [Change Dir: /usr/local/home/kraemer/software/iron-examples/PoissonExample/release_build/CMakeFiles/CMakeTmp]
  ignore line: []
  ignore line: [Run Build Command:"/usr/bin/make" "cmTC_875ab/fast"]
  ignore line: [/usr/bin/make -f CMakeFiles/cmTC_875ab.dir/build.make CMakeFiles/cmTC_875ab.dir/build]
  ignore line: [make[1]: Entering directory '/usr/local/home/kraemer/software/iron-examples/PoissonExample/release_build/CMakeFiles/CMakeTmp']
  ignore line: [Building C object CMakeFiles/cmTC_875ab.dir/CMakeCCompilerABI.c.o]
  ignore line: [/usr/bin/cc     -o CMakeFiles/cmTC_875ab.dir/CMakeCCompilerABI.c.o   -c /afs/.mathematik.uni-stuttgart.de/home/cmcs/share/environment-modules/Packages/cmake/3.5.0/share/cmake-3.5/Modules/CMakeCCompilerABI.c]
  ignore line: [Linking C executable cmTC_875ab]
  ignore line: [/afs/.mathematik.uni-stuttgart.de/home/cmcs/share/environment-modules/Packages/cmake/3.5.0/bin/cmake -E cmake_link_script CMakeFiles/cmTC_875ab.dir/link.txt --verbose=1]
  ignore line: [/usr/bin/cc      -v CMakeFiles/cmTC_875ab.dir/CMakeCCompilerABI.c.o  -o cmTC_875ab -rdynamic  ]
  ignore line: [Using built-in specs.]
  ignore line: [COLLECT_GCC=/usr/bin/cc]
  ignore line: [COLLECT_LTO_WRAPPER=/usr/lib/gcc/x86_64-linux-gnu/4.9/lto-wrapper]
  ignore line: [Target: x86_64-linux-gnu]
  ignore line: [Configured with: ../src/configure -v --with-pkgversion='Debian 4.9.2-10' --with-bugurl=file:///usr/share/doc/gcc-4.9/README.Bugs --enable-languages=c,c++,java,go,d,fortran,objc,obj-c++ --prefix=/usr --program-suffix=-4.9 --enable-shared --enable-linker-build-id --libexecdir=/usr/lib --without-included-gettext --enable-threads=posix --with-gxx-include-dir=/usr/include/c++/4.9 --libdir=/usr/lib --enable-nls --with-sysroot=/ --enable-clocale=gnu --enable-libstdcxx-debug --enable-libstdcxx-time=yes --enable-gnu-unique-object --disable-vtable-verify --enable-plugin --with-system-zlib --disable-browser-plugin --enable-java-awt=gtk --enable-gtk-cairo --with-java-home=/usr/lib/jvm/java-1.5.0-gcj-4.9-amd64/jre --enable-java-home --with-jvm-root-dir=/usr/lib/jvm/java-1.5.0-gcj-4.9-amd64 --with-jvm-jar-dir=/usr/lib/jvm-exports/java-1.5.0-gcj-4.9-amd64 --with-arch-directory=amd64 --with-ecj-jar=/usr/share/java/eclipse-ecj.jar --enable-objc-gc --enable-multiarch --with-arch-32=i586 --with-abi=m64 --with-multilib-list=m32,m64,mx32 --enable-multilib --with-tune=generic --enable-checking=release --build=x86_64-linux-gnu --host=x86_64-linux-gnu --target=x86_64-linux-gnu]
  ignore line: [Thread model: posix]
  ignore line: [gcc version 4.9.2 (Debian 4.9.2-10) ]
  ignore line: [COMPILER_PATH=/usr/lib/gcc/x86_64-linux-gnu/4.9/:/usr/lib/gcc/x86_64-linux-gnu/4.9/:/usr/lib/gcc/x86_64-linux-gnu/:/usr/lib/gcc/x86_64-linux-gnu/4.9/:/usr/lib/gcc/x86_64-linux-gnu/]
  ignore line: [LIBRARY_PATH=/usr/lib/gcc/x86_64-linux-gnu/4.9/:/usr/lib/gcc/x86_64-linux-gnu/4.9/../../../x86_64-linux-gnu/:/usr/lib/gcc/x86_64-linux-gnu/4.9/../../../../lib/:/lib/x86_64-linux-gnu/:/lib/../lib/:/usr/lib/x86_64-linux-gnu/:/usr/lib/../lib/:/usr/lib/gcc/x86_64-linux-gnu/4.9/../../../:/lib/:/usr/lib/]
  ignore line: [COLLECT_GCC_OPTIONS='-v' '-o' 'cmTC_875ab' '-rdynamic' '-mtune=generic' '-march=x86-64']
  link line: [ /usr/lib/gcc/x86_64-linux-gnu/4.9/collect2 -plugin /usr/lib/gcc/x86_64-linux-gnu/4.9/liblto_plugin.so -plugin-opt=/usr/lib/gcc/x86_64-linux-gnu/4.9/lto-wrapper -plugin-opt=-fresolution=/tmp/cc4QEha6.res -plugin-opt=-pass-through=-lgcc -plugin-opt=-pass-through=-lgcc_s -plugin-opt=-pass-through=-lc -plugin-opt=-pass-through=-lgcc -plugin-opt=-pass-through=-lgcc_s --sysroot=/ --build-id --eh-frame-hdr -m elf_x86_64 --hash-style=gnu -export-dynamic -dynamic-linker /lib64/ld-linux-x86-64.so.2 -o cmTC_875ab /usr/lib/gcc/x86_64-linux-gnu/4.9/../../../x86_64-linux-gnu/crt1.o /usr/lib/gcc/x86_64-linux-gnu/4.9/../../../x86_64-linux-gnu/crti.o /usr/lib/gcc/x86_64-linux-gnu/4.9/crtbegin.o -L/usr/lib/gcc/x86_64-linux-gnu/4.9 -L/usr/lib/gcc/x86_64-linux-gnu/4.9/../../../x86_64-linux-gnu -L/usr/lib/gcc/x86_64-linux-gnu/4.9/../../../../lib -L/lib/x86_64-linux-gnu -L/lib/../lib -L/usr/lib/x86_64-linux-gnu -L/usr/lib/../lib -L/usr/lib/gcc/x86_64-linux-gnu/4.9/../../.. CMakeFiles/cmTC_875ab.dir/CMakeCCompilerABI.c.o -lgcc --as-needed -lgcc_s --no-as-needed -lc -lgcc --as-needed -lgcc_s --no-as-needed /usr/lib/gcc/x86_64-linux-gnu/4.9/crtend.o /usr/lib/gcc/x86_64-linux-gnu/4.9/../../../x86_64-linux-gnu/crtn.o]
    arg [/usr/lib/gcc/x86_64-linux-gnu/4.9/collect2] ==> ignore
    arg [-plugin] ==> ignore
    arg [/usr/lib/gcc/x86_64-linux-gnu/4.9/liblto_plugin.so] ==> ignore
    arg [-plugin-opt=/usr/lib/gcc/x86_64-linux-gnu/4.9/lto-wrapper] ==> ignore
    arg [-plugin-opt=-fresolution=/tmp/cc4QEha6.res] ==> ignore
    arg [-plugin-opt=-pass-through=-lgcc] ==> ignore
    arg [-plugin-opt=-pass-through=-lgcc_s] ==> ignore
    arg [-plugin-opt=-pass-through=-lc] ==> ignore
    arg [-plugin-opt=-pass-through=-lgcc] ==> ignore
    arg [-plugin-opt=-pass-through=-lgcc_s] ==> ignore
    arg [--sysroot=/] ==> ignore
    arg [--build-id] ==> ignore
    arg [--eh-frame-hdr] ==> ignore
    arg [-m] ==> ignore
    arg [elf_x86_64] ==> ignore
    arg [--hash-style=gnu] ==> ignore
    arg [-export-dynamic] ==> ignore
    arg [-dynamic-linker] ==> ignore
    arg [/lib64/ld-linux-x86-64.so.2] ==> ignore
    arg [-o] ==> ignore
    arg [cmTC_875ab] ==> ignore
    arg [/usr/lib/gcc/x86_64-linux-gnu/4.9/../../../x86_64-linux-gnu/crt1.o] ==> ignore
    arg [/usr/lib/gcc/x86_64-linux-gnu/4.9/../../../x86_64-linux-gnu/crti.o] ==> ignore
    arg [/usr/lib/gcc/x86_64-linux-gnu/4.9/crtbegin.o] ==> ignore
    arg [-L/usr/lib/gcc/x86_64-linux-gnu/4.9] ==> dir [/usr/lib/gcc/x86_64-linux-gnu/4.9]
    arg [-L/usr/lib/gcc/x86_64-linux-gnu/4.9/../../../x86_64-linux-gnu] ==> dir [/usr/lib/gcc/x86_64-linux-gnu/4.9/../../../x86_64-linux-gnu]
    arg [-L/usr/lib/gcc/x86_64-linux-gnu/4.9/../../../../lib] ==> dir [/usr/lib/gcc/x86_64-linux-gnu/4.9/../../../../lib]
    arg [-L/lib/x86_64-linux-gnu] ==> dir [/lib/x86_64-linux-gnu]
    arg [-L/lib/../lib] ==> dir [/lib/../lib]
    arg [-L/usr/lib/x86_64-linux-gnu] ==> dir [/usr/lib/x86_64-linux-gnu]
    arg [-L/usr/lib/../lib] ==> dir [/usr/lib/../lib]
    arg [-L/usr/lib/gcc/x86_64-linux-gnu/4.9/../../..] ==> dir [/usr/lib/gcc/x86_64-linux-gnu/4.9/../../..]
    arg [CMakeFiles/cmTC_875ab.dir/CMakeCCompilerABI.c.o] ==> ignore
    arg [-lgcc] ==> lib [gcc]
    arg [--as-needed] ==> ignore
    arg [-lgcc_s] ==> lib [gcc_s]
    arg [--no-as-needed] ==> ignore
    arg [-lc] ==> lib [c]
    arg [-lgcc] ==> lib [gcc]
    arg [--as-needed] ==> ignore
    arg [-lgcc_s] ==> lib [gcc_s]
    arg [--no-as-needed] ==> ignore
    arg [/usr/lib/gcc/x86_64-linux-gnu/4.9/crtend.o] ==> ignore
    arg [/usr/lib/gcc/x86_64-linux-gnu/4.9/../../../x86_64-linux-gnu/crtn.o] ==> ignore
  remove lib [gcc]
  remove lib [gcc_s]
  remove lib [gcc]
  remove lib [gcc_s]
  collapse library dir [/usr/lib/gcc/x86_64-linux-gnu/4.9] ==> [/usr/lib/gcc/x86_64-linux-gnu/4.9]
  collapse library dir [/usr/lib/gcc/x86_64-linux-gnu/4.9/../../../x86_64-linux-gnu] ==> [/usr/lib/x86_64-linux-gnu]
  collapse library dir [/usr/lib/gcc/x86_64-linux-gnu/4.9/../../../../lib] ==> [/usr/lib]
  collapse library dir [/lib/x86_64-linux-gnu] ==> [/lib/x86_64-linux-gnu]
  collapse library dir [/lib/../lib] ==> [/lib]
  collapse library dir [/usr/lib/x86_64-linux-gnu] ==> [/usr/lib/x86_64-linux-gnu]
  collapse library dir [/usr/lib/../lib] ==> [/usr/lib]
  collapse library dir [/usr/lib/gcc/x86_64-linux-gnu/4.9/../../..] ==> [/usr/lib]
  implicit libs: [c]
  implicit dirs: [/usr/lib/gcc/x86_64-linux-gnu/4.9;/usr/lib/x86_64-linux-gnu;/usr/lib;/lib/x86_64-linux-gnu;/lib]
  implicit fwks: []




Detecting C [-std=c11] compiler features compiled with the following output:
Change Dir: /usr/local/home/kraemer/software/iron-examples/PoissonExample/release_build/CMakeFiles/CMakeTmp

Run Build Command:"/usr/bin/make" "cmTC_ba2d3/fast"
/usr/bin/make -f CMakeFiles/cmTC_ba2d3.dir/build.make CMakeFiles/cmTC_ba2d3.dir/build
make[1]: Entering directory '/usr/local/home/kraemer/software/iron-examples/PoissonExample/release_build/CMakeFiles/CMakeTmp'
Building C object CMakeFiles/cmTC_ba2d3.dir/feature_tests.c.o
/usr/bin/cc    -std=c11 -o CMakeFiles/cmTC_ba2d3.dir/feature_tests.c.o   -c /usr/local/home/kraemer/software/iron-examples/PoissonExample/release_build/CMakeFiles/feature_tests.c
Linking C executable cmTC_ba2d3
/afs/.mathematik.uni-stuttgart.de/home/cmcs/share/environment-modules/Packages/cmake/3.5.0/bin/cmake -E cmake_link_script CMakeFiles/cmTC_ba2d3.dir/link.txt --verbose=1
/usr/bin/cc       CMakeFiles/cmTC_ba2d3.dir/feature_tests.c.o  -o cmTC_ba2d3 -rdynamic 
make[1]: Leaving directory '/usr/local/home/kraemer/software/iron-examples/PoissonExample/release_build/CMakeFiles/CMakeTmp'


    Feature record: C_FEATURE:1c_function_prototypes
    Feature record: C_FEATURE:1c_restrict
    Feature record: C_FEATURE:1c_static_assert
    Feature record: C_FEATURE:1c_variadic_macros


Detecting C [-std=c99] compiler features compiled with the following output:
Change Dir: /usr/local/home/kraemer/software/iron-examples/PoissonExample/release_build/CMakeFiles/CMakeTmp

Run Build Command:"/usr/bin/make" "cmTC_64e2a/fast"
/usr/bin/make -f CMakeFiles/cmTC_64e2a.dir/build.make CMakeFiles/cmTC_64e2a.dir/build
make[1]: Entering directory '/usr/local/home/kraemer/software/iron-examples/PoissonExample/release_build/CMakeFiles/CMakeTmp'
Building C object CMakeFiles/cmTC_64e2a.dir/feature_tests.c.o
/usr/bin/cc    -std=c99 -o CMakeFiles/cmTC_64e2a.dir/feature_tests.c.o   -c /usr/local/home/kraemer/software/iron-examples/PoissonExample/release_build/CMakeFiles/feature_tests.c
Linking C executable cmTC_64e2a
/afs/.mathematik.uni-stuttgart.de/home/cmcs/share/environment-modules/Packages/cmake/3.5.0/bin/cmake -E cmake_link_script CMakeFiles/cmTC_64e2a.dir/link.txt --verbose=1
/usr/bin/cc       CMakeFiles/cmTC_64e2a.dir/feature_tests.c.o  -o cmTC_64e2a -rdynamic 
make[1]: Leaving directory '/usr/local/home/kraemer/software/iron-examples/PoissonExample/release_build/CMakeFiles/CMakeTmp'


    Feature record: C_FEATURE:1c_function_prototypes
    Feature record: C_FEATURE:1c_restrict
    Feature record: C_FEATURE:0c_static_assert
    Feature record: C_FEATURE:1c_variadic_macros


Detecting C [-std=c90] compiler features compiled with the following output:
Change Dir: /usr/local/home/kraemer/software/iron-examples/PoissonExample/release_build/CMakeFiles/CMakeTmp

Run Build Command:"/usr/bin/make" "cmTC_ccb41/fast"
/usr/bin/make -f CMakeFiles/cmTC_ccb41.dir/build.make CMakeFiles/cmTC_ccb41.dir/build
make[1]: Entering directory '/usr/local/home/kraemer/software/iron-examples/PoissonExample/release_build/CMakeFiles/CMakeTmp'
Building C object CMakeFiles/cmTC_ccb41.dir/feature_tests.c.o
/usr/bin/cc    -std=c90 -o CMakeFiles/cmTC_ccb41.dir/feature_tests.c.o   -c /usr/local/home/kraemer/software/iron-examples/PoissonExample/release_build/CMakeFiles/feature_tests.c
Linking C executable cmTC_ccb41
/afs/.mathematik.uni-stuttgart.de/home/cmcs/share/environment-modules/Packages/cmake/3.5.0/bin/cmake -E cmake_link_script CMakeFiles/cmTC_ccb41.dir/link.txt --verbose=1
/usr/bin/cc       CMakeFiles/cmTC_ccb41.dir/feature_tests.c.o  -o cmTC_ccb41 -rdynamic 
make[1]: Leaving directory '/usr/local/home/kraemer/software/iron-examples/PoissonExample/release_build/CMakeFiles/CMakeTmp'


    Feature record: C_FEATURE:1c_function_prototypes
    Feature record: C_FEATURE:0c_restrict
    Feature record: C_FEATURE:0c_static_assert
    Feature record: C_FEATURE:0c_variadic_macros
Determining if the include file pthread.h exists passed with the following output:
Change Dir: /usr/local/home/kraemer/software/iron-examples/PoissonExample/release_build/CMakeFiles/CMakeTmp

Run Build Command:"/usr/bin/make" "cmTC_c3c32/fast"
/usr/bin/make -f CMakeFiles/cmTC_c3c32.dir/build.make CMakeFiles/cmTC_c3c32.dir/build
make[1]: Entering directory '/usr/local/home/kraemer/software/iron-examples/PoissonExample/release_build/CMakeFiles/CMakeTmp'
Building C object CMakeFiles/cmTC_c3c32.dir/CheckIncludeFile.c.o
/usr/bin/cc     -o CMakeFiles/cmTC_c3c32.dir/CheckIncludeFile.c.o   -c /usr/local/home/kraemer/software/iron-examples/PoissonExample/release_build/CMakeFiles/CMakeTmp/CheckIncludeFile.c
Linking C executable cmTC_c3c32
/afs/.mathematik.uni-stuttgart.de/home/cmcs/share/environment-modules/Packages/cmake/3.5.0/bin/cmake -E cmake_link_script CMakeFiles/cmTC_c3c32.dir/link.txt --verbose=1
/usr/bin/cc       CMakeFiles/cmTC_c3c32.dir/CheckIncludeFile.c.o  -o cmTC_c3c32 -rdynamic 
make[1]: Leaving directory '/usr/local/home/kraemer/software/iron-examples/PoissonExample/release_build/CMakeFiles/CMakeTmp'


Determining if the function pthread_create exists in the pthread passed with the following output:
Change Dir: /usr/local/home/kraemer/software/iron-examples/PoissonExample/release_build/CMakeFiles/CMakeTmp

Run Build Command:"/usr/bin/make" "cmTC_bdaec/fast"
/usr/bin/make -f CMakeFiles/cmTC_bdaec.dir/build.make CMakeFiles/cmTC_bdaec.dir/build
make[1]: Entering directory '/usr/local/home/kraemer/software/iron-examples/PoissonExample/release_build/CMakeFiles/CMakeTmp'
Building C object CMakeFiles/cmTC_bdaec.dir/CheckFunctionExists.c.o
/usr/bin/cc    -DCHECK_FUNCTION_EXISTS=pthread_create   -o CMakeFiles/cmTC_bdaec.dir/CheckFunctionExists.c.o   -c /afs/.mathematik.uni-stuttgart.de/home/cmcs/share/environment-modules/Packages/cmake/3.5.0/share/cmake-3.5/Modules/CheckFunctionExists.c
Linking C executable cmTC_bdaec
/afs/.mathematik.uni-stuttgart.de/home/cmcs/share/environment-modules/Packages/cmake/3.5.0/bin/cmake -E cmake_link_script CMakeFiles/cmTC_bdaec.dir/link.txt --verbose=1
/usr/bin/cc   -DCHECK_FUNCTION_EXISTS=pthread_create    CMakeFiles/cmTC_bdaec.dir/CheckFunctionExists.c.o  -o cmTC_bdaec -rdynamic -lpthread 
make[1]: Leaving directory '/usr/local/home/kraemer/software/iron-examples/PoissonExample/release_build/CMakeFiles/CMakeTmp'


Determining if the function XOpenDisplay exists in the /usr/lib/x86_64-linux-gnu/libX11.so;/usr/lib/x86_64-linux-gnu/libXext.so passed with the following output:
Change Dir: /usr/local/home/kraemer/software/iron-examples/PoissonExample/release_build/CMakeFiles/CMakeTmp

Run Build Command:"/usr/bin/make" "cmTC_a1079/fast"
/usr/bin/make -f CMakeFiles/cmTC_a1079.dir/build.make CMakeFiles/cmTC_a1079.dir/build
make[1]: Entering directory '/usr/local/home/kraemer/software/iron-examples/PoissonExample/release_build/CMakeFiles/CMakeTmp'
Building C object CMakeFiles/cmTC_a1079.dir/CheckFunctionExists.c.o
/usr/bin/cc    -DCHECK_FUNCTION_EXISTS=XOpenDisplay   -o CMakeFiles/cmTC_a1079.dir/CheckFunctionExists.c.o   -c /afs/.mathematik.uni-stuttgart.de/home/cmcs/share/environment-modules/Packages/cmake/3.5.0/share/cmake-3.5/Modules/CheckFunctionExists.c
Linking C executable cmTC_a1079
/afs/.mathematik.uni-stuttgart.de/home/cmcs/share/environment-modules/Packages/cmake/3.5.0/bin/cmake -E cmake_link_script CMakeFiles/cmTC_a1079.dir/link.txt --verbose=1
/usr/bin/cc   -DCHECK_FUNCTION_EXISTS=XOpenDisplay    CMakeFiles/cmTC_a1079.dir/CheckFunctionExists.c.o  -o cmTC_a1079 -rdynamic /usr/lib/x86_64-linux-gnu/libX11.so /usr/lib/x86_64-linux-gnu/libXext.so 
make[1]: Leaving directory '/usr/local/home/kraemer/software/iron-examples/PoissonExample/release_build/CMakeFiles/CMakeTmp'


Determining if the function gethostbyname exists passed with the following output:
Change Dir: /usr/local/home/kraemer/software/iron-examples/PoissonExample/release_build/CMakeFiles/CMakeTmp

Run Build Command:"/usr/bin/make" "cmTC_0b78d/fast"
/usr/bin/make -f CMakeFiles/cmTC_0b78d.dir/build.make CMakeFiles/cmTC_0b78d.dir/build
make[1]: Entering directory '/usr/local/home/kraemer/software/iron-examples/PoissonExample/release_build/CMakeFiles/CMakeTmp'
Building C object CMakeFiles/cmTC_0b78d.dir/CheckFunctionExists.c.o
/usr/bin/cc    -DCHECK_FUNCTION_EXISTS=gethostbyname   -o CMakeFiles/cmTC_0b78d.dir/CheckFunctionExists.c.o   -c /afs/.mathematik.uni-stuttgart.de/home/cmcs/share/environment-modules/Packages/cmake/3.5.0/share/cmake-3.5/Modules/CheckFunctionExists.c
Linking C executable cmTC_0b78d
/afs/.mathematik.uni-stuttgart.de/home/cmcs/share/environment-modules/Packages/cmake/3.5.0/bin/cmake -E cmake_link_script CMakeFiles/cmTC_0b78d.dir/link.txt --verbose=1
/usr/bin/cc   -DCHECK_FUNCTION_EXISTS=gethostbyname    CMakeFiles/cmTC_0b78d.dir/CheckFunctionExists.c.o  -o cmTC_0b78d -rdynamic 
make[1]: Leaving directory '/usr/local/home/kraemer/software/iron-examples/PoissonExample/release_build/CMakeFiles/CMakeTmp'


Determining if the function connect exists passed with the following output:
Change Dir: /usr/local/home/kraemer/software/iron-examples/PoissonExample/release_build/CMakeFiles/CMakeTmp

Run Build Command:"/usr/bin/make" "cmTC_b8d0e/fast"
/usr/bin/make -f CMakeFiles/cmTC_b8d0e.dir/build.make CMakeFiles/cmTC_b8d0e.dir/build
make[1]: Entering directory '/usr/local/home/kraemer/software/iron-examples/PoissonExample/release_build/CMakeFiles/CMakeTmp'
Building C object CMakeFiles/cmTC_b8d0e.dir/CheckFunctionExists.c.o
/usr/bin/cc    -DCHECK_FUNCTION_EXISTS=connect   -o CMakeFiles/cmTC_b8d0e.dir/CheckFunctionExists.c.o   -c /afs/.mathematik.uni-stuttgart.de/home/cmcs/share/environment-modules/Packages/cmake/3.5.0/share/cmake-3.5/Modules/CheckFunctionExists.c
Linking C executable cmTC_b8d0e
/afs/.mathematik.uni-stuttgart.de/home/cmcs/share/environment-modules/Packages/cmake/3.5.0/bin/cmake -E cmake_link_script CMakeFiles/cmTC_b8d0e.dir/link.txt --verbose=1
/usr/bin/cc   -DCHECK_FUNCTION_EXISTS=connect    CMakeFiles/cmTC_b8d0e.dir/CheckFunctionExists.c.o  -o cmTC_b8d0e -rdynamic 
make[1]: Leaving directory '/usr/local/home/kraemer/software/iron-examples/PoissonExample/release_build/CMakeFiles/CMakeTmp'


Determining if the function remove exists passed with the following output:
Change Dir: /usr/local/home/kraemer/software/iron-examples/PoissonExample/release_build/CMakeFiles/CMakeTmp

Run Build Command:"/usr/bin/make" "cmTC_70f1d/fast"
/usr/bin/make -f CMakeFiles/cmTC_70f1d.dir/build.make CMakeFiles/cmTC_70f1d.dir/build
make[1]: Entering directory '/usr/local/home/kraemer/software/iron-examples/PoissonExample/release_build/CMakeFiles/CMakeTmp'
Building C object CMakeFiles/cmTC_70f1d.dir/CheckFunctionExists.c.o
/usr/bin/cc    -DCHECK_FUNCTION_EXISTS=remove   -o CMakeFiles/cmTC_70f1d.dir/CheckFunctionExists.c.o   -c /afs/.mathematik.uni-stuttgart.de/home/cmcs/share/environment-modules/Packages/cmake/3.5.0/share/cmake-3.5/Modules/CheckFunctionExists.c
Linking C executable cmTC_70f1d
/afs/.mathematik.uni-stuttgart.de/home/cmcs/share/environment-modules/Packages/cmake/3.5.0/bin/cmake -E cmake_link_script CMakeFiles/cmTC_70f1d.dir/link.txt --verbose=1
/usr/bin/cc   -DCHECK_FUNCTION_EXISTS=remove    CMakeFiles/cmTC_70f1d.dir/CheckFunctionExists.c.o  -o cmTC_70f1d -rdynamic 
make[1]: Leaving directory '/usr/local/home/kraemer/software/iron-examples/PoissonExample/release_build/CMakeFiles/CMakeTmp'


Determining if the function shmat exists passed with the following output:
Change Dir: /usr/local/home/kraemer/software/iron-examples/PoissonExample/release_build/CMakeFiles/CMakeTmp

Run Build Command:"/usr/bin/make" "cmTC_6c8a8/fast"
/usr/bin/make -f CMakeFiles/cmTC_6c8a8.dir/build.make CMakeFiles/cmTC_6c8a8.dir/build
make[1]: Entering directory '/usr/local/home/kraemer/software/iron-examples/PoissonExample/release_build/CMakeFiles/CMakeTmp'
Building C object CMakeFiles/cmTC_6c8a8.dir/CheckFunctionExists.c.o
/usr/bin/cc    -DCHECK_FUNCTION_EXISTS=shmat   -o CMakeFiles/cmTC_6c8a8.dir/CheckFunctionExists.c.o   -c /afs/.mathematik.uni-stuttgart.de/home/cmcs/share/environment-modules/Packages/cmake/3.5.0/share/cmake-3.5/Modules/CheckFunctionExists.c
Linking C executable cmTC_6c8a8
/afs/.mathematik.uni-stuttgart.de/home/cmcs/share/environment-modules/Packages/cmake/3.5.0/bin/cmake -E cmake_link_script CMakeFiles/cmTC_6c8a8.dir/link.txt --verbose=1
/usr/bin/cc   -DCHECK_FUNCTION_EXISTS=shmat    CMakeFiles/cmTC_6c8a8.dir/CheckFunctionExists.c.o  -o cmTC_6c8a8 -rdynamic 
make[1]: Leaving directory '/usr/local/home/kraemer/software/iron-examples/PoissonExample/release_build/CMakeFiles/CMakeTmp'


Determining if the function IceConnectionNumber exists in the ICE passed with the following output:
Change Dir: /usr/local/home/kraemer/software/iron-examples/PoissonExample/release_build/CMakeFiles/CMakeTmp

Run Build Command:"/usr/bin/make" "cmTC_b611c/fast"
/usr/bin/make -f CMakeFiles/cmTC_b611c.dir/build.make CMakeFiles/cmTC_b611c.dir/build
make[1]: Entering directory '/usr/local/home/kraemer/software/iron-examples/PoissonExample/release_build/CMakeFiles/CMakeTmp'
Building C object CMakeFiles/cmTC_b611c.dir/CheckFunctionExists.c.o
/usr/bin/cc    -DCHECK_FUNCTION_EXISTS=IceConnectionNumber   -o CMakeFiles/cmTC_b611c.dir/CheckFunctionExists.c.o   -c /afs/.mathematik.uni-stuttgart.de/home/cmcs/share/environment-modules/Packages/cmake/3.5.0/share/cmake-3.5/Modules/CheckFunctionExists.c
Linking C executable cmTC_b611c
/afs/.mathematik.uni-stuttgart.de/home/cmcs/share/environment-modules/Packages/cmake/3.5.0/bin/cmake -E cmake_link_script CMakeFiles/cmTC_b611c.dir/link.txt --verbose=1
/usr/bin/cc   -DCHECK_FUNCTION_EXISTS=IceConnectionNumber    CMakeFiles/cmTC_b611c.dir/CheckFunctionExists.c.o  -o cmTC_b611c -rdynamic -lICE 
make[1]: Leaving directory '/usr/local/home/kraemer/software/iron-examples/PoissonExample/release_build/CMakeFiles/CMakeTmp'


Performing Fortran SOURCE FILE Test MPI_Fortran_MODULE_COMPATIBLE succeeded with the following output:
Change Dir: /usr/local/home/kraemer/software/iron-examples/PoissonExample/release_build/CMakeFiles/CMakeTmp

Run Build Command:"/usr/bin/make" "cmTC_530a2/fast"
/usr/bin/make -f CMakeFiles/cmTC_530a2.dir/build.make CMakeFiles/cmTC_530a2.dir/build
make[1]: Entering directory '/usr/local/home/kraemer/software/iron-examples/PoissonExample/release_build/CMakeFiles/CMakeTmp'
Building Fortran object CMakeFiles/cmTC_530a2.dir/src.F.o
/usr/bin/f95   -I/usr/lib/openmpi/include -I/usr/lib/openmpi/lib  -DMPI_Fortran_MODULE_COMPATIBLE   -c /usr/local/home/kraemer/software/iron-examples/PoissonExample/release_build/CMakeFiles/CMakeTmp/src.F -o CMakeFiles/cmTC_530a2.dir/src.F.o
Linking Fortran executable cmTC_530a2
/afs/.mathematik.uni-stuttgart.de/home/cmcs/share/environment-modules/Packages/cmake/3.5.0/bin/cmake -E cmake_link_script CMakeFiles/cmTC_530a2.dir/link.txt --verbose=1
/usr/bin/f95      -DMPI_Fortran_MODULE_COMPATIBLE CMakeFiles/cmTC_530a2.dir/src.F.o  -o cmTC_530a2  /usr/lib/libmpi_f90.so /usr/lib/libmpi_f77.so /usr/lib/libmpi.so /usr/lib/x86_64-linux-gnu/libdl.so /usr/lib/x86_64-linux-gnu/libhwloc.so 
make[1]: Leaving directory '/usr/local/home/kraemer/software/iron-examples/PoissonExample/release_build/CMakeFiles/CMakeTmp'

Source file was:
	program test_mpi_module
                    	use mpi
                    	end program test_mpi_module
