The system is: Linux - 3.19.0-58-generic - x86_64
Compiling the C compiler identification source file "CMakeCCompilerId.c" succeeded.
Compiler: /usr/bin/mpicc 
Build flags: 
Id flags: 

The output was:
0


Compilation of the C compiler identification source "CMakeCCompilerId.c" produced "a.out"

The C compiler identification is GNU, found in "/data/home/mirzawd/software/opencmiss_examples/large_uniaxial_extension/build_debug/mpi_verification/C/CMakeFiles/3.4.0/CompilerIdC/a.out"

Determining if the C compiler works passed with the following output:
Change Dir: /data/home/mirzawd/software/opencmiss_examples/large_uniaxial_extension/build_debug/mpi_verification/C/CMakeFiles/CMakeTmp

Run Build Command:"/usr/bin/make" "cmTC_bdc92/fast"
make: Warning: File `Makefile' has modification time 1.1e+02 s in the future
/usr/bin/make -f CMakeFiles/cmTC_bdc92.dir/build.make CMakeFiles/cmTC_bdc92.dir/build
make[1]: Entering directory `/data/home/mirzawd/software/opencmiss_examples/large_uniaxial_extension/build_debug/mpi_verification/C/CMakeFiles/CMakeTmp'
make[1]: Warning: File `CMakeFiles/cmTC_bdc92.dir/flags.make' has modification time 1.1e+02 s in the future
Building C object CMakeFiles/cmTC_bdc92.dir/testCCompiler.c.o
/usr/bin/mpicc     -o CMakeFiles/cmTC_bdc92.dir/testCCompiler.c.o   -c /data/home/mirzawd/software/opencmiss_examples/large_uniaxial_extension/build_debug/mpi_verification/C/CMakeFiles/CMakeTmp/testCCompiler.c
Linking C executable cmTC_bdc92
/usr/local/opencmiss/dependencies/debug/install/utilities/cmake/bin/cmake -E cmake_link_script CMakeFiles/cmTC_bdc92.dir/link.txt --verbose=1
/usr/bin/mpicc       CMakeFiles/cmTC_bdc92.dir/testCCompiler.c.o  -o cmTC_bdc92 -rdynamic 
make[1]: Leaving directory `/data/home/mirzawd/software/opencmiss_examples/large_uniaxial_extension/build_debug/mpi_verification/C/CMakeFiles/CMakeTmp'
make[1]: warning:  Clock skew detected.  Your build may be incomplete.
make: warning:  Clock skew detected.  Your build may be incomplete.


Detecting C compiler ABI info compiled with the following output:
Change Dir: /data/home/mirzawd/software/opencmiss_examples/large_uniaxial_extension/build_debug/mpi_verification/C/CMakeFiles/CMakeTmp

Run Build Command:"/usr/bin/make" "cmTC_6478a/fast"
make: Warning: File `Makefile' has modification time 1.1e+02 s in the future
/usr/bin/make -f CMakeFiles/cmTC_6478a.dir/build.make CMakeFiles/cmTC_6478a.dir/build
make[1]: Entering directory `/data/home/mirzawd/software/opencmiss_examples/large_uniaxial_extension/build_debug/mpi_verification/C/CMakeFiles/CMakeTmp'
make[1]: Warning: File `CMakeFiles/cmTC_6478a.dir/flags.make' has modification time 1.1e+02 s in the future
Building C object CMakeFiles/cmTC_6478a.dir/CMakeCCompilerABI.c.o
/usr/bin/mpicc     -o CMakeFiles/cmTC_6478a.dir/CMakeCCompilerABI.c.o   -c /usr/local/opencmiss/dependencies/debug/install/utilities/cmake/share/cmake-3.4/Modules/CMakeCCompilerABI.c
Linking C executable cmTC_6478a
/usr/local/opencmiss/dependencies/debug/install/utilities/cmake/bin/cmake -E cmake_link_script CMakeFiles/cmTC_6478a.dir/link.txt --verbose=1
/usr/bin/mpicc      -v CMakeFiles/cmTC_6478a.dir/CMakeCCompilerABI.c.o  -o cmTC_6478a -rdynamic  
Using built-in specs.
COLLECT_GCC=/usr/bin/gcc
COLLECT_LTO_WRAPPER=/usr/lib/gcc/x86_64-linux-gnu/4.8/lto-wrapper
Target: x86_64-linux-gnu
Configured with: ../src/configure -v --with-pkgversion='Ubuntu 4.8.4-2ubuntu1~14.04.3' --with-bugurl=file:///usr/share/doc/gcc-4.8/README.Bugs --enable-languages=c,c++,java,go,d,fortran,objc,obj-c++ --prefix=/usr --program-suffix=-4.8 --enable-shared --enable-linker-build-id --libexecdir=/usr/lib --without-included-gettext --enable-threads=posix --with-gxx-include-dir=/usr/include/c++/4.8 --libdir=/usr/lib --enable-nls --with-sysroot=/ --enable-clocale=gnu --enable-libstdcxx-debug --enable-libstdcxx-time=yes --enable-gnu-unique-object --disable-libmudflap --enable-plugin --with-system-zlib --disable-browser-plugin --enable-java-awt=gtk --enable-gtk-cairo --with-java-home=/usr/lib/jvm/java-1.5.0-gcj-4.8-amd64/jre --enable-java-home --with-jvm-root-dir=/usr/lib/jvm/java-1.5.0-gcj-4.8-amd64 --with-jvm-jar-dir=/usr/lib/jvm-exports/java-1.5.0-gcj-4.8-amd64 --with-arch-directory=amd64 --with-ecj-jar=/usr/share/java/eclipse-ecj.jar --enable-objc-gc --enable-multiarch --disable-werror --with-arch-32=i686 --with-abi=m64 --with-multilib-list=m32,m64,mx32 --with-tune=generic --enable-checking=release --build=x86_64-linux-gnu --host=x86_64-linux-gnu --target=x86_64-linux-gnu
Thread model: posix
gcc version 4.8.4 (Ubuntu 4.8.4-2ubuntu1~14.04.3) 
COMPILER_PATH=/usr/lib/gcc/x86_64-linux-gnu/4.8/:/usr/lib/gcc/x86_64-linux-gnu/4.8/:/usr/lib/gcc/x86_64-linux-gnu/:/usr/lib/gcc/x86_64-linux-gnu/4.8/:/usr/lib/gcc/x86_64-linux-gnu/
LIBRARY_PATH=/usr/lib/gcc/x86_64-linux-gnu/4.8/:/usr/lib/gcc/x86_64-linux-gnu/4.8/../../../x86_64-linux-gnu/:/usr/lib/gcc/x86_64-linux-gnu/4.8/../../../../lib/:/lib/x86_64-linux-gnu/:/lib/../lib/:/usr/lib/x86_64-linux-gnu/:/usr/lib/../lib/:/usr/lib/gcc/x86_64-linux-gnu/4.8/../../../:/lib/:/usr/lib/
COLLECT_GCC_OPTIONS='-v' '-o' 'cmTC_6478a' '-rdynamic' '-I' '/usr/lib/openmpi/include' '-I' '/usr/lib/openmpi/include/openmpi' '-pthread' '-L/usr//lib' '-L/usr/lib/openmpi/lib' '-mtune=generic' '-march=x86-64'
 /usr/lib/gcc/x86_64-linux-gnu/4.8/collect2 --sysroot=/ --build-id --eh-frame-hdr -m elf_x86_64 --hash-style=gnu --as-needed -export-dynamic -dynamic-linker /lib64/ld-linux-x86-64.so.2 -z relro -o cmTC_6478a /usr/lib/gcc/x86_64-linux-gnu/4.8/../../../x86_64-linux-gnu/crt1.o /usr/lib/gcc/x86_64-linux-gnu/4.8/../../../x86_64-linux-gnu/crti.o /usr/lib/gcc/x86_64-linux-gnu/4.8/crtbegin.o -L/usr//lib -L/usr/lib/openmpi/lib -L/usr/lib/gcc/x86_64-linux-gnu/4.8 -L/usr/lib/gcc/x86_64-linux-gnu/4.8/../../../x86_64-linux-gnu -L/usr/lib/gcc/x86_64-linux-gnu/4.8/../../../../lib -L/lib/x86_64-linux-gnu -L/lib/../lib -L/usr/lib/x86_64-linux-gnu -L/usr/lib/../lib -L/usr/lib/gcc/x86_64-linux-gnu/4.8/../../.. CMakeFiles/cmTC_6478a.dir/CMakeCCompilerABI.c.o -lmpi -ldl -lhwloc -lgcc --as-needed -lgcc_s --no-as-needed -lpthread -lc -lgcc --as-needed -lgcc_s --no-as-needed /usr/lib/gcc/x86_64-linux-gnu/4.8/crtend.o /usr/lib/gcc/x86_64-linux-gnu/4.8/../../../x86_64-linux-gnu/crtn.o
make[1]: warning:  Clock skew detected.  Your build may be incomplete.
make[1]: Leaving directory `/data/home/mirzawd/software/opencmiss_examples/large_uniaxial_extension/build_debug/mpi_verification/C/CMakeFiles/CMakeTmp'
make: warning:  Clock skew detected.  Your build may be incomplete.


Parsed C implicit link information from above output:
  link line regex: [^( *|.*[/\])(ld|([^/\]+-)?ld|collect2)[^/\]*( |$)]
  ignore line: [Change Dir: /data/home/mirzawd/software/opencmiss_examples/large_uniaxial_extension/build_debug/mpi_verification/C/CMakeFiles/CMakeTmp]
  ignore line: []
  ignore line: [Run Build Command:"/usr/bin/make" "cmTC_6478a/fast"]
  ignore line: [make: Warning: File `Makefile' has modification time 1.1e+02 s in the future]
  ignore line: [/usr/bin/make -f CMakeFiles/cmTC_6478a.dir/build.make CMakeFiles/cmTC_6478a.dir/build]
  ignore line: [make[1]: Entering directory `/data/home/mirzawd/software/opencmiss_examples/large_uniaxial_extension/build_debug/mpi_verification/C/CMakeFiles/CMakeTmp']
  ignore line: [make[1]: Warning: File `CMakeFiles/cmTC_6478a.dir/flags.make' has modification time 1.1e+02 s in the future]
  ignore line: [Building C object CMakeFiles/cmTC_6478a.dir/CMakeCCompilerABI.c.o]
  ignore line: [/usr/bin/mpicc     -o CMakeFiles/cmTC_6478a.dir/CMakeCCompilerABI.c.o   -c /usr/local/opencmiss/dependencies/debug/install/utilities/cmake/share/cmake-3.4/Modules/CMakeCCompilerABI.c]
  ignore line: [Linking C executable cmTC_6478a]
  ignore line: [/usr/local/opencmiss/dependencies/debug/install/utilities/cmake/bin/cmake -E cmake_link_script CMakeFiles/cmTC_6478a.dir/link.txt --verbose=1]
  ignore line: [/usr/bin/mpicc      -v CMakeFiles/cmTC_6478a.dir/CMakeCCompilerABI.c.o  -o cmTC_6478a -rdynamic  ]
  ignore line: [Using built-in specs.]
  ignore line: [COLLECT_GCC=/usr/bin/gcc]
  ignore line: [COLLECT_LTO_WRAPPER=/usr/lib/gcc/x86_64-linux-gnu/4.8/lto-wrapper]
  ignore line: [Target: x86_64-linux-gnu]
  ignore line: [Configured with: ../src/configure -v --with-pkgversion='Ubuntu 4.8.4-2ubuntu1~14.04.3' --with-bugurl=file:///usr/share/doc/gcc-4.8/README.Bugs --enable-languages=c,c++,java,go,d,fortran,objc,obj-c++ --prefix=/usr --program-suffix=-4.8 --enable-shared --enable-linker-build-id --libexecdir=/usr/lib --without-included-gettext --enable-threads=posix --with-gxx-include-dir=/usr/include/c++/4.8 --libdir=/usr/lib --enable-nls --with-sysroot=/ --enable-clocale=gnu --enable-libstdcxx-debug --enable-libstdcxx-time=yes --enable-gnu-unique-object --disable-libmudflap --enable-plugin --with-system-zlib --disable-browser-plugin --enable-java-awt=gtk --enable-gtk-cairo --with-java-home=/usr/lib/jvm/java-1.5.0-gcj-4.8-amd64/jre --enable-java-home --with-jvm-root-dir=/usr/lib/jvm/java-1.5.0-gcj-4.8-amd64 --with-jvm-jar-dir=/usr/lib/jvm-exports/java-1.5.0-gcj-4.8-amd64 --with-arch-directory=amd64 --with-ecj-jar=/usr/share/java/eclipse-ecj.jar --enable-objc-gc --enable-multiarch --disable-werror --with-arch-32=i686 --with-abi=m64 --with-multilib-list=m32,m64,mx32 --with-tune=generic --enable-checking=release --build=x86_64-linux-gnu --host=x86_64-linux-gnu --target=x86_64-linux-gnu]
  ignore line: [Thread model: posix]
  ignore line: [gcc version 4.8.4 (Ubuntu 4.8.4-2ubuntu1~14.04.3) ]
  ignore line: [COMPILER_PATH=/usr/lib/gcc/x86_64-linux-gnu/4.8/:/usr/lib/gcc/x86_64-linux-gnu/4.8/:/usr/lib/gcc/x86_64-linux-gnu/:/usr/lib/gcc/x86_64-linux-gnu/4.8/:/usr/lib/gcc/x86_64-linux-gnu/]
  ignore line: [LIBRARY_PATH=/usr/lib/gcc/x86_64-linux-gnu/4.8/:/usr/lib/gcc/x86_64-linux-gnu/4.8/../../../x86_64-linux-gnu/:/usr/lib/gcc/x86_64-linux-gnu/4.8/../../../../lib/:/lib/x86_64-linux-gnu/:/lib/../lib/:/usr/lib/x86_64-linux-gnu/:/usr/lib/../lib/:/usr/lib/gcc/x86_64-linux-gnu/4.8/../../../:/lib/:/usr/lib/]
  ignore line: [COLLECT_GCC_OPTIONS='-v' '-o' 'cmTC_6478a' '-rdynamic' '-I' '/usr/lib/openmpi/include' '-I' '/usr/lib/openmpi/include/openmpi' '-pthread' '-L/usr//lib' '-L/usr/lib/openmpi/lib' '-mtune=generic' '-march=x86-64']
  link line: [ /usr/lib/gcc/x86_64-linux-gnu/4.8/collect2 --sysroot=/ --build-id --eh-frame-hdr -m elf_x86_64 --hash-style=gnu --as-needed -export-dynamic -dynamic-linker /lib64/ld-linux-x86-64.so.2 -z relro -o cmTC_6478a /usr/lib/gcc/x86_64-linux-gnu/4.8/../../../x86_64-linux-gnu/crt1.o /usr/lib/gcc/x86_64-linux-gnu/4.8/../../../x86_64-linux-gnu/crti.o /usr/lib/gcc/x86_64-linux-gnu/4.8/crtbegin.o -L/usr//lib -L/usr/lib/openmpi/lib -L/usr/lib/gcc/x86_64-linux-gnu/4.8 -L/usr/lib/gcc/x86_64-linux-gnu/4.8/../../../x86_64-linux-gnu -L/usr/lib/gcc/x86_64-linux-gnu/4.8/../../../../lib -L/lib/x86_64-linux-gnu -L/lib/../lib -L/usr/lib/x86_64-linux-gnu -L/usr/lib/../lib -L/usr/lib/gcc/x86_64-linux-gnu/4.8/../../.. CMakeFiles/cmTC_6478a.dir/CMakeCCompilerABI.c.o -lmpi -ldl -lhwloc -lgcc --as-needed -lgcc_s --no-as-needed -lpthread -lc -lgcc --as-needed -lgcc_s --no-as-needed /usr/lib/gcc/x86_64-linux-gnu/4.8/crtend.o /usr/lib/gcc/x86_64-linux-gnu/4.8/../../../x86_64-linux-gnu/crtn.o]
    arg [/usr/lib/gcc/x86_64-linux-gnu/4.8/collect2] ==> ignore
    arg [--sysroot=/] ==> ignore
    arg [--build-id] ==> ignore
    arg [--eh-frame-hdr] ==> ignore
    arg [-m] ==> ignore
    arg [elf_x86_64] ==> ignore
    arg [--hash-style=gnu] ==> ignore
    arg [--as-needed] ==> ignore
    arg [-export-dynamic] ==> ignore
    arg [-dynamic-linker] ==> ignore
    arg [/lib64/ld-linux-x86-64.so.2] ==> ignore
    arg [-zrelro] ==> ignore
    arg [-o] ==> ignore
    arg [cmTC_6478a] ==> ignore
    arg [/usr/lib/gcc/x86_64-linux-gnu/4.8/../../../x86_64-linux-gnu/crt1.o] ==> ignore
    arg [/usr/lib/gcc/x86_64-linux-gnu/4.8/../../../x86_64-linux-gnu/crti.o] ==> ignore
    arg [/usr/lib/gcc/x86_64-linux-gnu/4.8/crtbegin.o] ==> ignore
    arg [-L/usr//lib] ==> dir [/usr//lib]
    arg [-L/usr/lib/openmpi/lib] ==> dir [/usr/lib/openmpi/lib]
    arg [-L/usr/lib/gcc/x86_64-linux-gnu/4.8] ==> dir [/usr/lib/gcc/x86_64-linux-gnu/4.8]
    arg [-L/usr/lib/gcc/x86_64-linux-gnu/4.8/../../../x86_64-linux-gnu] ==> dir [/usr/lib/gcc/x86_64-linux-gnu/4.8/../../../x86_64-linux-gnu]
    arg [-L/usr/lib/gcc/x86_64-linux-gnu/4.8/../../../../lib] ==> dir [/usr/lib/gcc/x86_64-linux-gnu/4.8/../../../../lib]
    arg [-L/lib/x86_64-linux-gnu] ==> dir [/lib/x86_64-linux-gnu]
    arg [-L/lib/../lib] ==> dir [/lib/../lib]
    arg [-L/usr/lib/x86_64-linux-gnu] ==> dir [/usr/lib/x86_64-linux-gnu]
    arg [-L/usr/lib/../lib] ==> dir [/usr/lib/../lib]
    arg [-L/usr/lib/gcc/x86_64-linux-gnu/4.8/../../..] ==> dir [/usr/lib/gcc/x86_64-linux-gnu/4.8/../../..]
    arg [CMakeFiles/cmTC_6478a.dir/CMakeCCompilerABI.c.o] ==> ignore
    arg [-lmpi] ==> lib [mpi]
    arg [-ldl] ==> lib [dl]
    arg [-lhwloc] ==> lib [hwloc]
    arg [-lgcc] ==> lib [gcc]
    arg [--as-needed] ==> ignore
    arg [-lgcc_s] ==> lib [gcc_s]
    arg [--no-as-needed] ==> ignore
    arg [-lpthread] ==> lib [pthread]
    arg [-lc] ==> lib [c]
    arg [-lgcc] ==> lib [gcc]
    arg [--as-needed] ==> ignore
    arg [-lgcc_s] ==> lib [gcc_s]
    arg [--no-as-needed] ==> ignore
    arg [/usr/lib/gcc/x86_64-linux-gnu/4.8/crtend.o] ==> ignore
    arg [/usr/lib/gcc/x86_64-linux-gnu/4.8/../../../x86_64-linux-gnu/crtn.o] ==> ignore
  remove lib [gcc]
  remove lib [gcc_s]
  remove lib [gcc]
  remove lib [gcc_s]
  collapse library dir [/usr//lib] ==> [/usr/lib]
  collapse library dir [/usr/lib/openmpi/lib] ==> [/usr/lib/openmpi/lib]
  collapse library dir [/usr/lib/gcc/x86_64-linux-gnu/4.8] ==> [/usr/lib/gcc/x86_64-linux-gnu/4.8]
  collapse library dir [/usr/lib/gcc/x86_64-linux-gnu/4.8/../../../x86_64-linux-gnu] ==> [/usr/lib/x86_64-linux-gnu]
  collapse library dir [/usr/lib/gcc/x86_64-linux-gnu/4.8/../../../../lib] ==> [/usr/lib]
  collapse library dir [/lib/x86_64-linux-gnu] ==> [/lib/x86_64-linux-gnu]
  collapse library dir [/lib/../lib] ==> [/lib]
  collapse library dir [/usr/lib/x86_64-linux-gnu] ==> [/usr/lib/x86_64-linux-gnu]
  collapse library dir [/usr/lib/../lib] ==> [/usr/lib]
  collapse library dir [/usr/lib/gcc/x86_64-linux-gnu/4.8/../../..] ==> [/usr/lib]
  implicit libs: [mpi;dl;hwloc;pthread;c]
  implicit dirs: [/usr/lib;/usr/lib/openmpi/lib;/usr/lib/gcc/x86_64-linux-gnu/4.8;/usr/lib/x86_64-linux-gnu;/lib/x86_64-linux-gnu;/lib]
  implicit fwks: []




Detecting C [-std=c11] compiler features compiled with the following output:
Change Dir: /data/home/mirzawd/software/opencmiss_examples/large_uniaxial_extension/build_debug/mpi_verification/C/CMakeFiles/CMakeTmp

Run Build Command:"/usr/bin/make" "cmTC_d2a7e/fast"
make: Warning: File `Makefile' has modification time 1.1e+02 s in the future
/usr/bin/make -f CMakeFiles/cmTC_d2a7e.dir/build.make CMakeFiles/cmTC_d2a7e.dir/build
make[1]: Entering directory `/data/home/mirzawd/software/opencmiss_examples/large_uniaxial_extension/build_debug/mpi_verification/C/CMakeFiles/CMakeTmp'
make[1]: Warning: File `CMakeFiles/cmTC_d2a7e.dir/flags.make' has modification time 1.1e+02 s in the future
Building C object CMakeFiles/cmTC_d2a7e.dir/feature_tests.c.o
/usr/bin/mpicc    -std=c11 -o CMakeFiles/cmTC_d2a7e.dir/feature_tests.c.o   -c /data/home/mirzawd/software/opencmiss_examples/large_uniaxial_extension/build_debug/mpi_verification/C/CMakeFiles/feature_tests.c
Linking C executable cmTC_d2a7e
/usr/local/opencmiss/dependencies/debug/install/utilities/cmake/bin/cmake -E cmake_link_script CMakeFiles/cmTC_d2a7e.dir/link.txt --verbose=1
/usr/bin/mpicc       CMakeFiles/cmTC_d2a7e.dir/feature_tests.c.o  -o cmTC_d2a7e -rdynamic 
make[1]: Leaving directory `/data/home/mirzawd/software/opencmiss_examples/large_uniaxial_extension/build_debug/mpi_verification/C/CMakeFiles/CMakeTmp'
make[1]: warning:  Clock skew detected.  Your build may be incomplete.
make: warning:  Clock skew detected.  Your build may be incomplete.


    Feature record: C_FEATURE:1c_function_prototypes
    Feature record: C_FEATURE:1c_restrict
    Feature record: C_FEATURE:1c_static_assert
    Feature record: C_FEATURE:1c_variadic_macros


Detecting C [-std=c99] compiler features compiled with the following output:
Change Dir: /data/home/mirzawd/software/opencmiss_examples/large_uniaxial_extension/build_debug/mpi_verification/C/CMakeFiles/CMakeTmp

Run Build Command:"/usr/bin/make" "cmTC_0b46c/fast"
make: Warning: File `Makefile' has modification time 1.1e+02 s in the future
/usr/bin/make -f CMakeFiles/cmTC_0b46c.dir/build.make CMakeFiles/cmTC_0b46c.dir/build
make[1]: Entering directory `/data/home/mirzawd/software/opencmiss_examples/large_uniaxial_extension/build_debug/mpi_verification/C/CMakeFiles/CMakeTmp'
make[1]: Warning: File `CMakeFiles/cmTC_0b46c.dir/flags.make' has modification time 1.1e+02 s in the future
Building C object CMakeFiles/cmTC_0b46c.dir/feature_tests.c.o
/usr/bin/mpicc    -std=c99 -o CMakeFiles/cmTC_0b46c.dir/feature_tests.c.o   -c /data/home/mirzawd/software/opencmiss_examples/large_uniaxial_extension/build_debug/mpi_verification/C/CMakeFiles/feature_tests.c
Linking C executable cmTC_0b46c
/usr/local/opencmiss/dependencies/debug/install/utilities/cmake/bin/cmake -E cmake_link_script CMakeFiles/cmTC_0b46c.dir/link.txt --verbose=1
/usr/bin/mpicc       CMakeFiles/cmTC_0b46c.dir/feature_tests.c.o  -o cmTC_0b46c -rdynamic 
make[1]: Leaving directory `/data/home/mirzawd/software/opencmiss_examples/large_uniaxial_extension/build_debug/mpi_verification/C/CMakeFiles/CMakeTmp'
make[1]: warning:  Clock skew detected.  Your build may be incomplete.
make: warning:  Clock skew detected.  Your build may be incomplete.


    Feature record: C_FEATURE:1c_function_prototypes
    Feature record: C_FEATURE:1c_restrict
    Feature record: C_FEATURE:0c_static_assert
    Feature record: C_FEATURE:1c_variadic_macros


Detecting C [-std=c90] compiler features compiled with the following output:
Change Dir: /data/home/mirzawd/software/opencmiss_examples/large_uniaxial_extension/build_debug/mpi_verification/C/CMakeFiles/CMakeTmp

Run Build Command:"/usr/bin/make" "cmTC_c900a/fast"
make: Warning: File `Makefile' has modification time 1.1e+02 s in the future
/usr/bin/make -f CMakeFiles/cmTC_c900a.dir/build.make CMakeFiles/cmTC_c900a.dir/build
make[1]: Entering directory `/data/home/mirzawd/software/opencmiss_examples/large_uniaxial_extension/build_debug/mpi_verification/C/CMakeFiles/CMakeTmp'
make[1]: Warning: File `CMakeFiles/cmTC_c900a.dir/flags.make' has modification time 1.1e+02 s in the future
Building C object CMakeFiles/cmTC_c900a.dir/feature_tests.c.o
/usr/bin/mpicc    -std=c90 -o CMakeFiles/cmTC_c900a.dir/feature_tests.c.o   -c /data/home/mirzawd/software/opencmiss_examples/large_uniaxial_extension/build_debug/mpi_verification/C/CMakeFiles/feature_tests.c
Linking C executable cmTC_c900a
/usr/local/opencmiss/dependencies/debug/install/utilities/cmake/bin/cmake -E cmake_link_script CMakeFiles/cmTC_c900a.dir/link.txt --verbose=1
/usr/bin/mpicc       CMakeFiles/cmTC_c900a.dir/feature_tests.c.o  -o cmTC_c900a -rdynamic 
make[1]: Leaving directory `/data/home/mirzawd/software/opencmiss_examples/large_uniaxial_extension/build_debug/mpi_verification/C/CMakeFiles/CMakeTmp'
make[1]: warning:  Clock skew detected.  Your build may be incomplete.
make: warning:  Clock skew detected.  Your build may be incomplete.


    Feature record: C_FEATURE:1c_function_prototypes
    Feature record: C_FEATURE:0c_restrict
    Feature record: C_FEATURE:0c_static_assert
    Feature record: C_FEATURE:0c_variadic_macros
