The system is: Linux - 3.19.0-58-generic - x86_64
Compiling the Fortran compiler identification source file "CMakeFortranCompilerId.F" succeeded.
Compiler: /usr/bin/f95 
Build flags: 
Id flags: -v

The output was:
0
Driving: /usr/bin/f95 -v CMakeFortranCompilerId.F -l gfortran -l m -shared-libgcc
Using built-in specs.
COLLECT_GCC=/usr/bin/f95
COLLECT_LTO_WRAPPER=/usr/lib/gcc/x86_64-linux-gnu/4.8/lto-wrapper
Target: x86_64-linux-gnu
Configured with: ../src/configure -v --with-pkgversion='Ubuntu 4.8.4-2ubuntu1~14.04.3' --with-bugurl=file:///usr/share/doc/gcc-4.8/README.Bugs --enable-languages=c,c++,java,go,d,fortran,objc,obj-c++ --prefix=/usr --program-suffix=-4.8 --enable-shared --enable-linker-build-id --libexecdir=/usr/lib --without-included-gettext --enable-threads=posix --with-gxx-include-dir=/usr/include/c++/4.8 --libdir=/usr/lib --enable-nls --with-sysroot=/ --enable-clocale=gnu --enable-libstdcxx-debug --enable-libstdcxx-time=yes --enable-gnu-unique-object --disable-libmudflap --enable-plugin --with-system-zlib --disable-browser-plugin --enable-java-awt=gtk --enable-gtk-cairo --with-java-home=/usr/lib/jvm/java-1.5.0-gcj-4.8-amd64/jre --enable-java-home --with-jvm-root-dir=/usr/lib/jvm/java-1.5.0-gcj-4.8-amd64 --with-jvm-jar-dir=/usr/lib/jvm-exports/java-1.5.0-gcj-4.8-amd64 --with-arch-directory=amd64 --with-ecj-jar=/usr/share/java/eclipse-ecj.jar --enable-objc-gc --enable-multiarch --disable-werror --with-arch-32=i686 --with-abi=m64 --with-multilib-list=m32,m64,mx32 --with-tune=generic --enable-checking=release --build=x86_64-linux-gnu --host=x86_64-linux-gnu --target=x86_64-linux-gnu
Thread model: posix
gcc version 4.8.4 (Ubuntu 4.8.4-2ubuntu1~14.04.3) 
COLLECT_GCC_OPTIONS='-v' '-shared-libgcc' '-mtune=generic' '-march=x86-64'
 /usr/lib/gcc/x86_64-linux-gnu/4.8/f951 CMakeFortranCompilerId.F -ffixed-form -cpp=/tmp/ccIWVZIG.f90 -quiet -v -imultiarch x86_64-linux-gnu CMakeFortranCompilerId.F -quiet -dumpbase CMakeFortranCompilerId.F -mtune=generic -march=x86-64 -auxbase CMakeFortranCompilerId -version -fintrinsic-modules-path /usr/lib/gcc/x86_64-linux-gnu/4.8/finclude -o /tmp/cchvM8I8.s
GNU Fortran (Ubuntu 4.8.4-2ubuntu1~14.04.3) version 4.8.4 (x86_64-linux-gnu)
	compiled by GNU C version 4.8.4, GMP version 5.1.3, MPFR version 3.1.2-p3, MPC version 1.0.1
GGC heuristics: --param ggc-min-expand=100 --param ggc-min-heapsize=131072
ignoring nonexistent directory "/usr/local/include/x86_64-linux-gnu"
ignoring nonexistent directory "/usr/lib/gcc/x86_64-linux-gnu/4.8/../../../../x86_64-linux-gnu/include"
#include "..." search starts here:
#include <...> search starts here:
 /usr/lib/gcc/x86_64-linux-gnu/4.8/finclude
 /usr/lib/gcc/x86_64-linux-gnu/4.8/include
 /usr/local/include
 /usr/lib/gcc/x86_64-linux-gnu/4.8/include-fixed
 /usr/include/x86_64-linux-gnu
 /usr/include
End of search list.
GNU Fortran (Ubuntu 4.8.4-2ubuntu1~14.04.3) version 4.8.4 (x86_64-linux-gnu)
	compiled by GNU C version 4.8.4, GMP version 5.1.3, MPFR version 3.1.2-p3, MPC version 1.0.1
GGC heuristics: --param ggc-min-expand=100 --param ggc-min-heapsize=131072
COLLECT_GCC_OPTIONS='-v' '-shared-libgcc' '-mtune=generic' '-march=x86-64'
 as -v --64 -o /tmp/cc3vTNNA.o /tmp/cchvM8I8.s
GNU assembler version 2.24 (x86_64-linux-gnu) using BFD version (GNU Binutils for Ubuntu) 2.24
Reading specs from /usr/lib/gcc/x86_64-linux-gnu/4.8/libgfortran.spec
rename spec lib to liborig
COLLECT_GCC_OPTIONS='-v' '-shared-libgcc' '-mtune=generic' '-march=x86-64'
COMPILER_PATH=/usr/lib/gcc/x86_64-linux-gnu/4.8/:/usr/lib/gcc/x86_64-linux-gnu/4.8/:/usr/lib/gcc/x86_64-linux-gnu/:/usr/lib/gcc/x86_64-linux-gnu/4.8/:/usr/lib/gcc/x86_64-linux-gnu/
LIBRARY_PATH=/usr/lib/gcc/x86_64-linux-gnu/4.8/:/usr/lib/gcc/x86_64-linux-gnu/4.8/../../../x86_64-linux-gnu/:/usr/lib/gcc/x86_64-linux-gnu/4.8/../../../../lib/:/lib/x86_64-linux-gnu/:/lib/../lib/:/usr/lib/x86_64-linux-gnu/:/usr/lib/../lib/:/usr/lib/gcc/x86_64-linux-gnu/4.8/../../../:/lib/:/usr/lib/
COLLECT_GCC_OPTIONS='-v' '-shared-libgcc' '-mtune=generic' '-march=x86-64'
 /usr/lib/gcc/x86_64-linux-gnu/4.8/collect2 --sysroot=/ --build-id --eh-frame-hdr -m elf_x86_64 --hash-style=gnu --as-needed -dynamic-linker /lib64/ld-linux-x86-64.so.2 -z relro /usr/lib/gcc/x86_64-linux-gnu/4.8/../../../x86_64-linux-gnu/crt1.o /usr/lib/gcc/x86_64-linux-gnu/4.8/../../../x86_64-linux-gnu/crti.o /usr/lib/gcc/x86_64-linux-gnu/4.8/crtbegin.o -L/usr/lib/gcc/x86_64-linux-gnu/4.8 -L/usr/lib/gcc/x86_64-linux-gnu/4.8/../../../x86_64-linux-gnu -L/usr/lib/gcc/x86_64-linux-gnu/4.8/../../../../lib -L/lib/x86_64-linux-gnu -L/lib/../lib -L/usr/lib/x86_64-linux-gnu -L/usr/lib/../lib -L/usr/lib/gcc/x86_64-linux-gnu/4.8/../../.. /tmp/cc3vTNNA.o -lgfortran -lm -lgcc_s -lgcc -lquadmath -lm -lgcc_s -lgcc -lc -lgcc_s -lgcc /usr/lib/gcc/x86_64-linux-gnu/4.8/crtend.o /usr/lib/gcc/x86_64-linux-gnu/4.8/../../../x86_64-linux-gnu/crtn.o


Compilation of the Fortran compiler identification source "CMakeFortranCompilerId.F" produced "a.out"

The Fortran compiler identification is GNU, found in "/data/home/mirzawd/software/opencmiss_examples/large_uniaxial_extension/build_debug/CMakeFiles/3.4.0/CompilerIdFortran/a.out"

Determining if the Fortran compiler works passed with the following output:
Change Dir: /data/home/mirzawd/software/opencmiss_examples/large_uniaxial_extension/build_debug/CMakeFiles/CMakeTmp

Run Build Command:"/usr/bin/make" "cmTC_bbbb9/fast"
make: Warning: File `Makefile' has modification time 1.1e+02 s in the future
/usr/bin/make -f CMakeFiles/cmTC_bbbb9.dir/build.make CMakeFiles/cmTC_bbbb9.dir/build
make[1]: Entering directory `/data/home/mirzawd/software/opencmiss_examples/large_uniaxial_extension/build_debug/CMakeFiles/CMakeTmp'
make[1]: Warning: File `CMakeFiles/cmTC_bbbb9.dir/flags.make' has modification time 1.1e+02 s in the future
Building Fortran object CMakeFiles/cmTC_bbbb9.dir/testFortranCompiler.f.o
/usr/bin/f95     -c /data/home/mirzawd/software/opencmiss_examples/large_uniaxial_extension/build_debug/CMakeFiles/CMakeTmp/testFortranCompiler.f -o CMakeFiles/cmTC_bbbb9.dir/testFortranCompiler.f.o
Linking Fortran executable cmTC_bbbb9
/usr/local/opencmiss/dependencies/debug/install/utilities/cmake/bin/cmake -E cmake_link_script CMakeFiles/cmTC_bbbb9.dir/link.txt --verbose=1
/usr/bin/f95       CMakeFiles/cmTC_bbbb9.dir/testFortranCompiler.f.o  -o cmTC_bbbb9  
make[1]: warning:  Clock skew detected.  Your build may be incomplete.
make[1]: Leaving directory `/data/home/mirzawd/software/opencmiss_examples/large_uniaxial_extension/build_debug/CMakeFiles/CMakeTmp'
make: warning:  Clock skew detected.  Your build may be incomplete.


Detecting Fortran compiler ABI info compiled with the following output:
Change Dir: /data/home/mirzawd/software/opencmiss_examples/large_uniaxial_extension/build_debug/CMakeFiles/CMakeTmp

Run Build Command:"/usr/bin/make" "cmTC_8d56b/fast"
make: Warning: File `Makefile' has modification time 1.1e+02 s in the future
/usr/bin/make -f CMakeFiles/cmTC_8d56b.dir/build.make CMakeFiles/cmTC_8d56b.dir/build
make[1]: Entering directory `/data/home/mirzawd/software/opencmiss_examples/large_uniaxial_extension/build_debug/CMakeFiles/CMakeTmp'
make[1]: Warning: File `CMakeFiles/cmTC_8d56b.dir/flags.make' has modification time 1.1e+02 s in the future
Building Fortran object CMakeFiles/cmTC_8d56b.dir/CMakeFortranCompilerABI.F.o
/usr/bin/f95     -c /usr/local/opencmiss/dependencies/debug/install/utilities/cmake/share/cmake-3.4/Modules/CMakeFortranCompilerABI.F -o CMakeFiles/cmTC_8d56b.dir/CMakeFortranCompilerABI.F.o
Linking Fortran executable cmTC_8d56b
/usr/local/opencmiss/dependencies/debug/install/utilities/cmake/bin/cmake -E cmake_link_script CMakeFiles/cmTC_8d56b.dir/link.txt --verbose=1
/usr/bin/f95    -v   CMakeFiles/cmTC_8d56b.dir/CMakeFortranCompilerABI.F.o  -o cmTC_8d56b   
Driving: /usr/bin/f95 -v CMakeFiles/cmTC_8d56b.dir/CMakeFortranCompilerABI.F.o -o cmTC_8d56b -l gfortran -l m -shared-libgcc
Using built-in specs.
COLLECT_GCC=/usr/bin/f95
COLLECT_LTO_WRAPPER=/usr/lib/gcc/x86_64-linux-gnu/4.8/lto-wrapper
Target: x86_64-linux-gnu
Configured with: ../src/configure -v --with-pkgversion='Ubuntu 4.8.4-2ubuntu1~14.04.3' --with-bugurl=file:///usr/share/doc/gcc-4.8/README.Bugs --enable-languages=c,c++,java,go,d,fortran,objc,obj-c++ --prefix=/usr --program-suffix=-4.8 --enable-shared --enable-linker-build-id --libexecdir=/usr/lib --without-included-gettext --enable-threads=posix --with-gxx-include-dir=/usr/include/c++/4.8 --libdir=/usr/lib --enable-nls --with-sysroot=/ --enable-clocale=gnu --enable-libstdcxx-debug --enable-libstdcxx-time=yes --enable-gnu-unique-object --disable-libmudflap --enable-plugin --with-system-zlib --disable-browser-plugin --enable-java-awt=gtk --enable-gtk-cairo --with-java-home=/usr/lib/jvm/java-1.5.0-gcj-4.8-amd64/jre --enable-java-home --with-jvm-root-dir=/usr/lib/jvm/java-1.5.0-gcj-4.8-amd64 --with-jvm-jar-dir=/usr/lib/jvm-exports/java-1.5.0-gcj-4.8-amd64 --with-arch-directory=amd64 --with-ecj-jar=/usr/share/java/eclipse-ecj.jar --enable-objc-gc --enable-multiarch --disable-werror --with-arch-32=i686 --with-abi=m64 --with-multilib-list=m32,m64,mx32 --with-tune=generic --enable-checking=release --build=x86_64-linux-gnu --host=x86_64-linux-gnu --target=x86_64-linux-gnu
Thread model: posix
gcc version 4.8.4 (Ubuntu 4.8.4-2ubuntu1~14.04.3) 
Reading specs from /usr/lib/gcc/x86_64-linux-gnu/4.8/libgfortran.spec
rename spec lib to liborig
COLLECT_GCC_OPTIONS='-v' '-o' 'cmTC_8d56b' '-shared-libgcc' '-mtune=generic' '-march=x86-64'
COMPILER_PATH=/usr/lib/gcc/x86_64-linux-gnu/4.8/:/usr/lib/gcc/x86_64-linux-gnu/4.8/:/usr/lib/gcc/x86_64-linux-gnu/:/usr/lib/gcc/x86_64-linux-gnu/4.8/:/usr/lib/gcc/x86_64-linux-gnu/
LIBRARY_PATH=/usr/lib/gcc/x86_64-linux-gnu/4.8/:/usr/lib/gcc/x86_64-linux-gnu/4.8/../../../x86_64-linux-gnu/:/usr/lib/gcc/x86_64-linux-gnu/4.8/../../../../lib/:/lib/x86_64-linux-gnu/:/lib/../lib/:/usr/lib/x86_64-linux-gnu/:/usr/lib/../lib/:/usr/lib/gcc/x86_64-linux-gnu/4.8/../../../:/lib/:/usr/lib/
COLLECT_GCC_OPTIONS='-v' '-o' 'cmTC_8d56b' '-shared-libgcc' '-mtune=generic' '-march=x86-64'
 /usr/lib/gcc/x86_64-linux-gnu/4.8/collect2 --sysroot=/ --build-id --eh-frame-hdr -m elf_x86_64 --hash-style=gnu --as-needed -dynamic-linker /lib64/ld-linux-x86-64.so.2 -z relro -o cmTC_8d56b /usr/lib/gcc/x86_64-linux-gnu/4.8/../../../x86_64-linux-gnu/crt1.o /usr/lib/gcc/x86_64-linux-gnu/4.8/../../../x86_64-linux-gnu/crti.o /usr/lib/gcc/x86_64-linux-gnu/4.8/crtbegin.o -L/usr/lib/gcc/x86_64-linux-gnu/4.8 -L/usr/lib/gcc/x86_64-linux-gnu/4.8/../../../x86_64-linux-gnu -L/usr/lib/gcc/x86_64-linux-gnu/4.8/../../../../lib -L/lib/x86_64-linux-gnu -L/lib/../lib -L/usr/lib/x86_64-linux-gnu -L/usr/lib/../lib -L/usr/lib/gcc/x86_64-linux-gnu/4.8/../../.. CMakeFiles/cmTC_8d56b.dir/CMakeFortranCompilerABI.F.o -lgfortran -lm -lgcc_s -lgcc -lquadmath -lm -lgcc_s -lgcc -lc -lgcc_s -lgcc /usr/lib/gcc/x86_64-linux-gnu/4.8/crtend.o /usr/lib/gcc/x86_64-linux-gnu/4.8/../../../x86_64-linux-gnu/crtn.o
make[1]: warning:  Clock skew detected.  Your build may be incomplete.
make[1]: Leaving directory `/data/home/mirzawd/software/opencmiss_examples/large_uniaxial_extension/build_debug/CMakeFiles/CMakeTmp'
make: warning:  Clock skew detected.  Your build may be incomplete.


Parsed Fortran implicit link information from above output:
  link line regex: [^( *|.*[/\])(ld|([^/\]+-)?ld|collect2)[^/\]*( |$)]
  ignore line: [Change Dir: /data/home/mirzawd/software/opencmiss_examples/large_uniaxial_extension/build_debug/CMakeFiles/CMakeTmp]
  ignore line: []
  ignore line: [Run Build Command:"/usr/bin/make" "cmTC_8d56b/fast"]
  ignore line: [make: Warning: File `Makefile' has modification time 1.1e+02 s in the future]
  ignore line: [/usr/bin/make -f CMakeFiles/cmTC_8d56b.dir/build.make CMakeFiles/cmTC_8d56b.dir/build]
  ignore line: [make[1]: Entering directory `/data/home/mirzawd/software/opencmiss_examples/large_uniaxial_extension/build_debug/CMakeFiles/CMakeTmp']
  ignore line: [make[1]: Warning: File `CMakeFiles/cmTC_8d56b.dir/flags.make' has modification time 1.1e+02 s in the future]
  ignore line: [Building Fortran object CMakeFiles/cmTC_8d56b.dir/CMakeFortranCompilerABI.F.o]
  ignore line: [/usr/bin/f95     -c /usr/local/opencmiss/dependencies/debug/install/utilities/cmake/share/cmake-3.4/Modules/CMakeFortranCompilerABI.F -o CMakeFiles/cmTC_8d56b.dir/CMakeFortranCompilerABI.F.o]
  ignore line: [Linking Fortran executable cmTC_8d56b]
  ignore line: [/usr/local/opencmiss/dependencies/debug/install/utilities/cmake/bin/cmake -E cmake_link_script CMakeFiles/cmTC_8d56b.dir/link.txt --verbose=1]
  ignore line: [/usr/bin/f95    -v   CMakeFiles/cmTC_8d56b.dir/CMakeFortranCompilerABI.F.o  -o cmTC_8d56b   ]
  ignore line: [Driving: /usr/bin/f95 -v CMakeFiles/cmTC_8d56b.dir/CMakeFortranCompilerABI.F.o -o cmTC_8d56b -l gfortran -l m -shared-libgcc]
  ignore line: [Using built-in specs.]
  ignore line: [COLLECT_GCC=/usr/bin/f95]
  ignore line: [COLLECT_LTO_WRAPPER=/usr/lib/gcc/x86_64-linux-gnu/4.8/lto-wrapper]
  ignore line: [Target: x86_64-linux-gnu]
  ignore line: [Configured with: ../src/configure -v --with-pkgversion='Ubuntu 4.8.4-2ubuntu1~14.04.3' --with-bugurl=file:///usr/share/doc/gcc-4.8/README.Bugs --enable-languages=c,c++,java,go,d,fortran,objc,obj-c++ --prefix=/usr --program-suffix=-4.8 --enable-shared --enable-linker-build-id --libexecdir=/usr/lib --without-included-gettext --enable-threads=posix --with-gxx-include-dir=/usr/include/c++/4.8 --libdir=/usr/lib --enable-nls --with-sysroot=/ --enable-clocale=gnu --enable-libstdcxx-debug --enable-libstdcxx-time=yes --enable-gnu-unique-object --disable-libmudflap --enable-plugin --with-system-zlib --disable-browser-plugin --enable-java-awt=gtk --enable-gtk-cairo --with-java-home=/usr/lib/jvm/java-1.5.0-gcj-4.8-amd64/jre --enable-java-home --with-jvm-root-dir=/usr/lib/jvm/java-1.5.0-gcj-4.8-amd64 --with-jvm-jar-dir=/usr/lib/jvm-exports/java-1.5.0-gcj-4.8-amd64 --with-arch-directory=amd64 --with-ecj-jar=/usr/share/java/eclipse-ecj.jar --enable-objc-gc --enable-multiarch --disable-werror --with-arch-32=i686 --with-abi=m64 --with-multilib-list=m32,m64,mx32 --with-tune=generic --enable-checking=release --build=x86_64-linux-gnu --host=x86_64-linux-gnu --target=x86_64-linux-gnu]
  ignore line: [Thread model: posix]
  ignore line: [gcc version 4.8.4 (Ubuntu 4.8.4-2ubuntu1~14.04.3) ]
  ignore line: [Reading specs from /usr/lib/gcc/x86_64-linux-gnu/4.8/libgfortran.spec]
  ignore line: [rename spec lib to liborig]
  ignore line: [COLLECT_GCC_OPTIONS='-v' '-o' 'cmTC_8d56b' '-shared-libgcc' '-mtune=generic' '-march=x86-64']
  ignore line: [COMPILER_PATH=/usr/lib/gcc/x86_64-linux-gnu/4.8/:/usr/lib/gcc/x86_64-linux-gnu/4.8/:/usr/lib/gcc/x86_64-linux-gnu/:/usr/lib/gcc/x86_64-linux-gnu/4.8/:/usr/lib/gcc/x86_64-linux-gnu/]
  ignore line: [LIBRARY_PATH=/usr/lib/gcc/x86_64-linux-gnu/4.8/:/usr/lib/gcc/x86_64-linux-gnu/4.8/../../../x86_64-linux-gnu/:/usr/lib/gcc/x86_64-linux-gnu/4.8/../../../../lib/:/lib/x86_64-linux-gnu/:/lib/../lib/:/usr/lib/x86_64-linux-gnu/:/usr/lib/../lib/:/usr/lib/gcc/x86_64-linux-gnu/4.8/../../../:/lib/:/usr/lib/]
  ignore line: [COLLECT_GCC_OPTIONS='-v' '-o' 'cmTC_8d56b' '-shared-libgcc' '-mtune=generic' '-march=x86-64']
  link line: [ /usr/lib/gcc/x86_64-linux-gnu/4.8/collect2 --sysroot=/ --build-id --eh-frame-hdr -m elf_x86_64 --hash-style=gnu --as-needed -dynamic-linker /lib64/ld-linux-x86-64.so.2 -z relro -o cmTC_8d56b /usr/lib/gcc/x86_64-linux-gnu/4.8/../../../x86_64-linux-gnu/crt1.o /usr/lib/gcc/x86_64-linux-gnu/4.8/../../../x86_64-linux-gnu/crti.o /usr/lib/gcc/x86_64-linux-gnu/4.8/crtbegin.o -L/usr/lib/gcc/x86_64-linux-gnu/4.8 -L/usr/lib/gcc/x86_64-linux-gnu/4.8/../../../x86_64-linux-gnu -L/usr/lib/gcc/x86_64-linux-gnu/4.8/../../../../lib -L/lib/x86_64-linux-gnu -L/lib/../lib -L/usr/lib/x86_64-linux-gnu -L/usr/lib/../lib -L/usr/lib/gcc/x86_64-linux-gnu/4.8/../../.. CMakeFiles/cmTC_8d56b.dir/CMakeFortranCompilerABI.F.o -lgfortran -lm -lgcc_s -lgcc -lquadmath -lm -lgcc_s -lgcc -lc -lgcc_s -lgcc /usr/lib/gcc/x86_64-linux-gnu/4.8/crtend.o /usr/lib/gcc/x86_64-linux-gnu/4.8/../../../x86_64-linux-gnu/crtn.o]
    arg [/usr/lib/gcc/x86_64-linux-gnu/4.8/collect2] ==> ignore
    arg [--sysroot=/] ==> ignore
    arg [--build-id] ==> ignore
    arg [--eh-frame-hdr] ==> ignore
    arg [-m] ==> ignore
    arg [elf_x86_64] ==> ignore
    arg [--hash-style=gnu] ==> ignore
    arg [--as-needed] ==> ignore
    arg [-dynamic-linker] ==> ignore
    arg [/lib64/ld-linux-x86-64.so.2] ==> ignore
    arg [-zrelro] ==> ignore
    arg [-o] ==> ignore
    arg [cmTC_8d56b] ==> ignore
    arg [/usr/lib/gcc/x86_64-linux-gnu/4.8/../../../x86_64-linux-gnu/crt1.o] ==> ignore
    arg [/usr/lib/gcc/x86_64-linux-gnu/4.8/../../../x86_64-linux-gnu/crti.o] ==> ignore
    arg [/usr/lib/gcc/x86_64-linux-gnu/4.8/crtbegin.o] ==> ignore
    arg [-L/usr/lib/gcc/x86_64-linux-gnu/4.8] ==> dir [/usr/lib/gcc/x86_64-linux-gnu/4.8]
    arg [-L/usr/lib/gcc/x86_64-linux-gnu/4.8/../../../x86_64-linux-gnu] ==> dir [/usr/lib/gcc/x86_64-linux-gnu/4.8/../../../x86_64-linux-gnu]
    arg [-L/usr/lib/gcc/x86_64-linux-gnu/4.8/../../../../lib] ==> dir [/usr/lib/gcc/x86_64-linux-gnu/4.8/../../../../lib]
    arg [-L/lib/x86_64-linux-gnu] ==> dir [/lib/x86_64-linux-gnu]
    arg [-L/lib/../lib] ==> dir [/lib/../lib]
    arg [-L/usr/lib/x86_64-linux-gnu] ==> dir [/usr/lib/x86_64-linux-gnu]
    arg [-L/usr/lib/../lib] ==> dir [/usr/lib/../lib]
    arg [-L/usr/lib/gcc/x86_64-linux-gnu/4.8/../../..] ==> dir [/usr/lib/gcc/x86_64-linux-gnu/4.8/../../..]
    arg [CMakeFiles/cmTC_8d56b.dir/CMakeFortranCompilerABI.F.o] ==> ignore
    arg [-lgfortran] ==> lib [gfortran]
    arg [-lm] ==> lib [m]
    arg [-lgcc_s] ==> lib [gcc_s]
    arg [-lgcc] ==> lib [gcc]
    arg [-lquadmath] ==> lib [quadmath]
    arg [-lm] ==> lib [m]
    arg [-lgcc_s] ==> lib [gcc_s]
    arg [-lgcc] ==> lib [gcc]
    arg [-lc] ==> lib [c]
    arg [-lgcc_s] ==> lib [gcc_s]
    arg [-lgcc] ==> lib [gcc]
    arg [/usr/lib/gcc/x86_64-linux-gnu/4.8/crtend.o] ==> ignore
    arg [/usr/lib/gcc/x86_64-linux-gnu/4.8/../../../x86_64-linux-gnu/crtn.o] ==> ignore
  remove lib [gcc_s]
  remove lib [gcc]
  remove lib [gcc_s]
  remove lib [gcc]
  remove lib [gcc_s]
  remove lib [gcc]
  collapse library dir [/usr/lib/gcc/x86_64-linux-gnu/4.8] ==> [/usr/lib/gcc/x86_64-linux-gnu/4.8]
  collapse library dir [/usr/lib/gcc/x86_64-linux-gnu/4.8/../../../x86_64-linux-gnu] ==> [/usr/lib/x86_64-linux-gnu]
  collapse library dir [/usr/lib/gcc/x86_64-linux-gnu/4.8/../../../../lib] ==> [/usr/lib]
  collapse library dir [/lib/x86_64-linux-gnu] ==> [/lib/x86_64-linux-gnu]
  collapse library dir [/lib/../lib] ==> [/lib]
  collapse library dir [/usr/lib/x86_64-linux-gnu] ==> [/usr/lib/x86_64-linux-gnu]
  collapse library dir [/usr/lib/../lib] ==> [/usr/lib]
  collapse library dir [/usr/lib/gcc/x86_64-linux-gnu/4.8/../../..] ==> [/usr/lib]
  implicit libs: [gfortran;m;quadmath;m;c]
  implicit dirs: [/usr/lib/gcc/x86_64-linux-gnu/4.8;/usr/lib/x86_64-linux-gnu;/usr/lib;/lib/x86_64-linux-gnu;/lib]
  implicit fwks: []


Determining if the Fortran compiler supports Fortran 90 passed with the following output:
Change Dir: /data/home/mirzawd/software/opencmiss_examples/large_uniaxial_extension/build_debug/CMakeFiles/CMakeTmp

Run Build Command:"/usr/bin/make" "cmTC_9173f/fast"
make: Warning: File `Makefile' has modification time 1.1e+02 s in the future
/usr/bin/make -f CMakeFiles/cmTC_9173f.dir/build.make CMakeFiles/cmTC_9173f.dir/build
make[1]: Entering directory `/data/home/mirzawd/software/opencmiss_examples/large_uniaxial_extension/build_debug/CMakeFiles/CMakeTmp'
make[1]: Warning: File `CMakeFiles/cmTC_9173f.dir/flags.make' has modification time 1.1e+02 s in the future
Building Fortran object CMakeFiles/cmTC_9173f.dir/testFortranCompilerF90.f90.o
/usr/bin/f95     -c /data/home/mirzawd/software/opencmiss_examples/large_uniaxial_extension/build_debug/CMakeFiles/CMakeTmp/testFortranCompilerF90.f90 -o CMakeFiles/cmTC_9173f.dir/testFortranCompilerF90.f90.o
Linking Fortran executable cmTC_9173f
/usr/local/opencmiss/dependencies/debug/install/utilities/cmake/bin/cmake -E cmake_link_script CMakeFiles/cmTC_9173f.dir/link.txt --verbose=1
/usr/bin/f95       CMakeFiles/cmTC_9173f.dir/testFortranCompilerF90.f90.o  -o cmTC_9173f  
make[1]: Leaving directory `/data/home/mirzawd/software/opencmiss_examples/large_uniaxial_extension/build_debug/CMakeFiles/CMakeTmp'
make[1]: warning:  Clock skew detected.  Your build may be incomplete.
make: warning:  Clock skew detected.  Your build may be incomplete.


Compiling the C compiler identification source file "CMakeCCompilerId.c" succeeded.
Compiler: /usr/bin/cc 
Build flags: 
Id flags: 

The output was:
0


Compilation of the C compiler identification source "CMakeCCompilerId.c" produced "a.out"

The C compiler identification is GNU, found in "/data/home/mirzawd/software/opencmiss_examples/large_uniaxial_extension/build_debug/CMakeFiles/3.4.0/CompilerIdC/a.out"

Determining if the C compiler works passed with the following output:
Change Dir: /data/home/mirzawd/software/opencmiss_examples/large_uniaxial_extension/build_debug/CMakeFiles/CMakeTmp

Run Build Command:"/usr/bin/make" "cmTC_03467/fast"
make: Warning: File `Makefile' has modification time 1.1e+02 s in the future
/usr/bin/make -f CMakeFiles/cmTC_03467.dir/build.make CMakeFiles/cmTC_03467.dir/build
make[1]: Entering directory `/data/home/mirzawd/software/opencmiss_examples/large_uniaxial_extension/build_debug/CMakeFiles/CMakeTmp'
make[1]: Warning: File `CMakeFiles/cmTC_03467.dir/flags.make' has modification time 1.1e+02 s in the future
Building C object CMakeFiles/cmTC_03467.dir/testCCompiler.c.o
/usr/bin/cc     -o CMakeFiles/cmTC_03467.dir/testCCompiler.c.o   -c /data/home/mirzawd/software/opencmiss_examples/large_uniaxial_extension/build_debug/CMakeFiles/CMakeTmp/testCCompiler.c
Linking C executable cmTC_03467
/usr/local/opencmiss/dependencies/debug/install/utilities/cmake/bin/cmake -E cmake_link_script CMakeFiles/cmTC_03467.dir/link.txt --verbose=1
/usr/bin/cc       CMakeFiles/cmTC_03467.dir/testCCompiler.c.o  -o cmTC_03467 -rdynamic 
make[1]: Leaving directory `/data/home/mirzawd/software/opencmiss_examples/large_uniaxial_extension/build_debug/CMakeFiles/CMakeTmp'
make[1]: warning:  Clock skew detected.  Your build may be incomplete.
make: warning:  Clock skew detected.  Your build may be incomplete.


Detecting C compiler ABI info compiled with the following output:
Change Dir: /data/home/mirzawd/software/opencmiss_examples/large_uniaxial_extension/build_debug/CMakeFiles/CMakeTmp

Run Build Command:"/usr/bin/make" "cmTC_55255/fast"
make: Warning: File `Makefile' has modification time 1.1e+02 s in the future
/usr/bin/make -f CMakeFiles/cmTC_55255.dir/build.make CMakeFiles/cmTC_55255.dir/build
make[1]: Entering directory `/data/home/mirzawd/software/opencmiss_examples/large_uniaxial_extension/build_debug/CMakeFiles/CMakeTmp'
make[1]: Warning: File `CMakeFiles/cmTC_55255.dir/flags.make' has modification time 1.1e+02 s in the future
Building C object CMakeFiles/cmTC_55255.dir/CMakeCCompilerABI.c.o
/usr/bin/cc     -o CMakeFiles/cmTC_55255.dir/CMakeCCompilerABI.c.o   -c /usr/local/opencmiss/dependencies/debug/install/utilities/cmake/share/cmake-3.4/Modules/CMakeCCompilerABI.c
Linking C executable cmTC_55255
/usr/local/opencmiss/dependencies/debug/install/utilities/cmake/bin/cmake -E cmake_link_script CMakeFiles/cmTC_55255.dir/link.txt --verbose=1
/usr/bin/cc      -v CMakeFiles/cmTC_55255.dir/CMakeCCompilerABI.c.o  -o cmTC_55255 -rdynamic  
Using built-in specs.
COLLECT_GCC=/usr/bin/cc
COLLECT_LTO_WRAPPER=/usr/lib/gcc/x86_64-linux-gnu/4.8/lto-wrapper
Target: x86_64-linux-gnu
Configured with: ../src/configure -v --with-pkgversion='Ubuntu 4.8.4-2ubuntu1~14.04.3' --with-bugurl=file:///usr/share/doc/gcc-4.8/README.Bugs --enable-languages=c,c++,java,go,d,fortran,objc,obj-c++ --prefix=/usr --program-suffix=-4.8 --enable-shared --enable-linker-build-id --libexecdir=/usr/lib --without-included-gettext --enable-threads=posix --with-gxx-include-dir=/usr/include/c++/4.8 --libdir=/usr/lib --enable-nls --with-sysroot=/ --enable-clocale=gnu --enable-libstdcxx-debug --enable-libstdcxx-time=yes --enable-gnu-unique-object --disable-libmudflap --enable-plugin --with-system-zlib --disable-browser-plugin --enable-java-awt=gtk --enable-gtk-cairo --with-java-home=/usr/lib/jvm/java-1.5.0-gcj-4.8-amd64/jre --enable-java-home --with-jvm-root-dir=/usr/lib/jvm/java-1.5.0-gcj-4.8-amd64 --with-jvm-jar-dir=/usr/lib/jvm-exports/java-1.5.0-gcj-4.8-amd64 --with-arch-directory=amd64 --with-ecj-jar=/usr/share/java/eclipse-ecj.jar --enable-objc-gc --enable-multiarch --disable-werror --with-arch-32=i686 --with-abi=m64 --with-multilib-list=m32,m64,mx32 --with-tune=generic --enable-checking=release --build=x86_64-linux-gnu --host=x86_64-linux-gnu --target=x86_64-linux-gnu
Thread model: posix
gcc version 4.8.4 (Ubuntu 4.8.4-2ubuntu1~14.04.3) 
COMPILER_PATH=/usr/lib/gcc/x86_64-linux-gnu/4.8/:/usr/lib/gcc/x86_64-linux-gnu/4.8/:/usr/lib/gcc/x86_64-linux-gnu/:/usr/lib/gcc/x86_64-linux-gnu/4.8/:/usr/lib/gcc/x86_64-linux-gnu/
LIBRARY_PATH=/usr/lib/gcc/x86_64-linux-gnu/4.8/:/usr/lib/gcc/x86_64-linux-gnu/4.8/../../../x86_64-linux-gnu/:/usr/lib/gcc/x86_64-linux-gnu/4.8/../../../../lib/:/lib/x86_64-linux-gnu/:/lib/../lib/:/usr/lib/x86_64-linux-gnu/:/usr/lib/../lib/:/usr/lib/gcc/x86_64-linux-gnu/4.8/../../../:/lib/:/usr/lib/
COLLECT_GCC_OPTIONS='-v' '-o' 'cmTC_55255' '-rdynamic' '-mtune=generic' '-march=x86-64'
 /usr/lib/gcc/x86_64-linux-gnu/4.8/collect2 --sysroot=/ --build-id --eh-frame-hdr -m elf_x86_64 --hash-style=gnu --as-needed -export-dynamic -dynamic-linker /lib64/ld-linux-x86-64.so.2 -z relro -o cmTC_55255 /usr/lib/gcc/x86_64-linux-gnu/4.8/../../../x86_64-linux-gnu/crt1.o /usr/lib/gcc/x86_64-linux-gnu/4.8/../../../x86_64-linux-gnu/crti.o /usr/lib/gcc/x86_64-linux-gnu/4.8/crtbegin.o -L/usr/lib/gcc/x86_64-linux-gnu/4.8 -L/usr/lib/gcc/x86_64-linux-gnu/4.8/../../../x86_64-linux-gnu -L/usr/lib/gcc/x86_64-linux-gnu/4.8/../../../../lib -L/lib/x86_64-linux-gnu -L/lib/../lib -L/usr/lib/x86_64-linux-gnu -L/usr/lib/../lib -L/usr/lib/gcc/x86_64-linux-gnu/4.8/../../.. CMakeFiles/cmTC_55255.dir/CMakeCCompilerABI.c.o -lgcc --as-needed -lgcc_s --no-as-needed -lc -lgcc --as-needed -lgcc_s --no-as-needed /usr/lib/gcc/x86_64-linux-gnu/4.8/crtend.o /usr/lib/gcc/x86_64-linux-gnu/4.8/../../../x86_64-linux-gnu/crtn.o
make[1]: Leaving directory `/data/home/mirzawd/software/opencmiss_examples/large_uniaxial_extension/build_debug/CMakeFiles/CMakeTmp'
make[1]: warning:  Clock skew detected.  Your build may be incomplete.
make: warning:  Clock skew detected.  Your build may be incomplete.


Parsed C implicit link information from above output:
  link line regex: [^( *|.*[/\])(ld|([^/\]+-)?ld|collect2)[^/\]*( |$)]
  ignore line: [Change Dir: /data/home/mirzawd/software/opencmiss_examples/large_uniaxial_extension/build_debug/CMakeFiles/CMakeTmp]
  ignore line: []
  ignore line: [Run Build Command:"/usr/bin/make" "cmTC_55255/fast"]
  ignore line: [make: Warning: File `Makefile' has modification time 1.1e+02 s in the future]
  ignore line: [/usr/bin/make -f CMakeFiles/cmTC_55255.dir/build.make CMakeFiles/cmTC_55255.dir/build]
  ignore line: [make[1]: Entering directory `/data/home/mirzawd/software/opencmiss_examples/large_uniaxial_extension/build_debug/CMakeFiles/CMakeTmp']
  ignore line: [make[1]: Warning: File `CMakeFiles/cmTC_55255.dir/flags.make' has modification time 1.1e+02 s in the future]
  ignore line: [Building C object CMakeFiles/cmTC_55255.dir/CMakeCCompilerABI.c.o]
  ignore line: [/usr/bin/cc     -o CMakeFiles/cmTC_55255.dir/CMakeCCompilerABI.c.o   -c /usr/local/opencmiss/dependencies/debug/install/utilities/cmake/share/cmake-3.4/Modules/CMakeCCompilerABI.c]
  ignore line: [Linking C executable cmTC_55255]
  ignore line: [/usr/local/opencmiss/dependencies/debug/install/utilities/cmake/bin/cmake -E cmake_link_script CMakeFiles/cmTC_55255.dir/link.txt --verbose=1]
  ignore line: [/usr/bin/cc      -v CMakeFiles/cmTC_55255.dir/CMakeCCompilerABI.c.o  -o cmTC_55255 -rdynamic  ]
  ignore line: [Using built-in specs.]
  ignore line: [COLLECT_GCC=/usr/bin/cc]
  ignore line: [COLLECT_LTO_WRAPPER=/usr/lib/gcc/x86_64-linux-gnu/4.8/lto-wrapper]
  ignore line: [Target: x86_64-linux-gnu]
  ignore line: [Configured with: ../src/configure -v --with-pkgversion='Ubuntu 4.8.4-2ubuntu1~14.04.3' --with-bugurl=file:///usr/share/doc/gcc-4.8/README.Bugs --enable-languages=c,c++,java,go,d,fortran,objc,obj-c++ --prefix=/usr --program-suffix=-4.8 --enable-shared --enable-linker-build-id --libexecdir=/usr/lib --without-included-gettext --enable-threads=posix --with-gxx-include-dir=/usr/include/c++/4.8 --libdir=/usr/lib --enable-nls --with-sysroot=/ --enable-clocale=gnu --enable-libstdcxx-debug --enable-libstdcxx-time=yes --enable-gnu-unique-object --disable-libmudflap --enable-plugin --with-system-zlib --disable-browser-plugin --enable-java-awt=gtk --enable-gtk-cairo --with-java-home=/usr/lib/jvm/java-1.5.0-gcj-4.8-amd64/jre --enable-java-home --with-jvm-root-dir=/usr/lib/jvm/java-1.5.0-gcj-4.8-amd64 --with-jvm-jar-dir=/usr/lib/jvm-exports/java-1.5.0-gcj-4.8-amd64 --with-arch-directory=amd64 --with-ecj-jar=/usr/share/java/eclipse-ecj.jar --enable-objc-gc --enable-multiarch --disable-werror --with-arch-32=i686 --with-abi=m64 --with-multilib-list=m32,m64,mx32 --with-tune=generic --enable-checking=release --build=x86_64-linux-gnu --host=x86_64-linux-gnu --target=x86_64-linux-gnu]
  ignore line: [Thread model: posix]
  ignore line: [gcc version 4.8.4 (Ubuntu 4.8.4-2ubuntu1~14.04.3) ]
  ignore line: [COMPILER_PATH=/usr/lib/gcc/x86_64-linux-gnu/4.8/:/usr/lib/gcc/x86_64-linux-gnu/4.8/:/usr/lib/gcc/x86_64-linux-gnu/:/usr/lib/gcc/x86_64-linux-gnu/4.8/:/usr/lib/gcc/x86_64-linux-gnu/]
  ignore line: [LIBRARY_PATH=/usr/lib/gcc/x86_64-linux-gnu/4.8/:/usr/lib/gcc/x86_64-linux-gnu/4.8/../../../x86_64-linux-gnu/:/usr/lib/gcc/x86_64-linux-gnu/4.8/../../../../lib/:/lib/x86_64-linux-gnu/:/lib/../lib/:/usr/lib/x86_64-linux-gnu/:/usr/lib/../lib/:/usr/lib/gcc/x86_64-linux-gnu/4.8/../../../:/lib/:/usr/lib/]
  ignore line: [COLLECT_GCC_OPTIONS='-v' '-o' 'cmTC_55255' '-rdynamic' '-mtune=generic' '-march=x86-64']
  link line: [ /usr/lib/gcc/x86_64-linux-gnu/4.8/collect2 --sysroot=/ --build-id --eh-frame-hdr -m elf_x86_64 --hash-style=gnu --as-needed -export-dynamic -dynamic-linker /lib64/ld-linux-x86-64.so.2 -z relro -o cmTC_55255 /usr/lib/gcc/x86_64-linux-gnu/4.8/../../../x86_64-linux-gnu/crt1.o /usr/lib/gcc/x86_64-linux-gnu/4.8/../../../x86_64-linux-gnu/crti.o /usr/lib/gcc/x86_64-linux-gnu/4.8/crtbegin.o -L/usr/lib/gcc/x86_64-linux-gnu/4.8 -L/usr/lib/gcc/x86_64-linux-gnu/4.8/../../../x86_64-linux-gnu -L/usr/lib/gcc/x86_64-linux-gnu/4.8/../../../../lib -L/lib/x86_64-linux-gnu -L/lib/../lib -L/usr/lib/x86_64-linux-gnu -L/usr/lib/../lib -L/usr/lib/gcc/x86_64-linux-gnu/4.8/../../.. CMakeFiles/cmTC_55255.dir/CMakeCCompilerABI.c.o -lgcc --as-needed -lgcc_s --no-as-needed -lc -lgcc --as-needed -lgcc_s --no-as-needed /usr/lib/gcc/x86_64-linux-gnu/4.8/crtend.o /usr/lib/gcc/x86_64-linux-gnu/4.8/../../../x86_64-linux-gnu/crtn.o]
    arg [/usr/lib/gcc/x86_64-linux-gnu/4.8/collect2] ==> ignore
    arg [--sysroot=/] ==> ignore
    arg [--build-id] ==> ignore
    arg [--eh-frame-hdr] ==> ignore
    arg [-m] ==> ignore
    arg [elf_x86_64] ==> ignore
    arg [--hash-style=gnu] ==> ignore
    arg [--as-needed] ==> ignore
    arg [-export-dynamic] ==> ignore
    arg [-dynamic-linker] ==> ignore
    arg [/lib64/ld-linux-x86-64.so.2] ==> ignore
    arg [-zrelro] ==> ignore
    arg [-o] ==> ignore
    arg [cmTC_55255] ==> ignore
    arg [/usr/lib/gcc/x86_64-linux-gnu/4.8/../../../x86_64-linux-gnu/crt1.o] ==> ignore
    arg [/usr/lib/gcc/x86_64-linux-gnu/4.8/../../../x86_64-linux-gnu/crti.o] ==> ignore
    arg [/usr/lib/gcc/x86_64-linux-gnu/4.8/crtbegin.o] ==> ignore
    arg [-L/usr/lib/gcc/x86_64-linux-gnu/4.8] ==> dir [/usr/lib/gcc/x86_64-linux-gnu/4.8]
    arg [-L/usr/lib/gcc/x86_64-linux-gnu/4.8/../../../x86_64-linux-gnu] ==> dir [/usr/lib/gcc/x86_64-linux-gnu/4.8/../../../x86_64-linux-gnu]
    arg [-L/usr/lib/gcc/x86_64-linux-gnu/4.8/../../../../lib] ==> dir [/usr/lib/gcc/x86_64-linux-gnu/4.8/../../../../lib]
    arg [-L/lib/x86_64-linux-gnu] ==> dir [/lib/x86_64-linux-gnu]
    arg [-L/lib/../lib] ==> dir [/lib/../lib]
    arg [-L/usr/lib/x86_64-linux-gnu] ==> dir [/usr/lib/x86_64-linux-gnu]
    arg [-L/usr/lib/../lib] ==> dir [/usr/lib/../lib]
    arg [-L/usr/lib/gcc/x86_64-linux-gnu/4.8/../../..] ==> dir [/usr/lib/gcc/x86_64-linux-gnu/4.8/../../..]
    arg [CMakeFiles/cmTC_55255.dir/CMakeCCompilerABI.c.o] ==> ignore
    arg [-lgcc] ==> lib [gcc]
    arg [--as-needed] ==> ignore
    arg [-lgcc_s] ==> lib [gcc_s]
    arg [--no-as-needed] ==> ignore
    arg [-lc] ==> lib [c]
    arg [-lgcc] ==> lib [gcc]
    arg [--as-needed] ==> ignore
    arg [-lgcc_s] ==> lib [gcc_s]
    arg [--no-as-needed] ==> ignore
    arg [/usr/lib/gcc/x86_64-linux-gnu/4.8/crtend.o] ==> ignore
    arg [/usr/lib/gcc/x86_64-linux-gnu/4.8/../../../x86_64-linux-gnu/crtn.o] ==> ignore
  remove lib [gcc]
  remove lib [gcc_s]
  remove lib [gcc]
  remove lib [gcc_s]
  collapse library dir [/usr/lib/gcc/x86_64-linux-gnu/4.8] ==> [/usr/lib/gcc/x86_64-linux-gnu/4.8]
  collapse library dir [/usr/lib/gcc/x86_64-linux-gnu/4.8/../../../x86_64-linux-gnu] ==> [/usr/lib/x86_64-linux-gnu]
  collapse library dir [/usr/lib/gcc/x86_64-linux-gnu/4.8/../../../../lib] ==> [/usr/lib]
  collapse library dir [/lib/x86_64-linux-gnu] ==> [/lib/x86_64-linux-gnu]
  collapse library dir [/lib/../lib] ==> [/lib]
  collapse library dir [/usr/lib/x86_64-linux-gnu] ==> [/usr/lib/x86_64-linux-gnu]
  collapse library dir [/usr/lib/../lib] ==> [/usr/lib]
  collapse library dir [/usr/lib/gcc/x86_64-linux-gnu/4.8/../../..] ==> [/usr/lib]
  implicit libs: [c]
  implicit dirs: [/usr/lib/gcc/x86_64-linux-gnu/4.8;/usr/lib/x86_64-linux-gnu;/usr/lib;/lib/x86_64-linux-gnu;/lib]
  implicit fwks: []




Detecting C [-std=c11] compiler features compiled with the following output:
Change Dir: /data/home/mirzawd/software/opencmiss_examples/large_uniaxial_extension/build_debug/CMakeFiles/CMakeTmp

Run Build Command:"/usr/bin/make" "cmTC_10746/fast"
make: Warning: File `Makefile' has modification time 1.1e+02 s in the future
/usr/bin/make -f CMakeFiles/cmTC_10746.dir/build.make CMakeFiles/cmTC_10746.dir/build
make[1]: Entering directory `/data/home/mirzawd/software/opencmiss_examples/large_uniaxial_extension/build_debug/CMakeFiles/CMakeTmp'
make[1]: Warning: File `CMakeFiles/cmTC_10746.dir/flags.make' has modification time 1.1e+02 s in the future
Building C object CMakeFiles/cmTC_10746.dir/feature_tests.c.o
/usr/bin/cc    -std=c11 -o CMakeFiles/cmTC_10746.dir/feature_tests.c.o   -c /data/home/mirzawd/software/opencmiss_examples/large_uniaxial_extension/build_debug/CMakeFiles/feature_tests.c
Linking C executable cmTC_10746
/usr/local/opencmiss/dependencies/debug/install/utilities/cmake/bin/cmake -E cmake_link_script CMakeFiles/cmTC_10746.dir/link.txt --verbose=1
/usr/bin/cc       CMakeFiles/cmTC_10746.dir/feature_tests.c.o  -o cmTC_10746 -rdynamic 
make[1]: Leaving directory `/data/home/mirzawd/software/opencmiss_examples/large_uniaxial_extension/build_debug/CMakeFiles/CMakeTmp'
make[1]: warning:  Clock skew detected.  Your build may be incomplete.
make: warning:  Clock skew detected.  Your build may be incomplete.


    Feature record: C_FEATURE:1c_function_prototypes
    Feature record: C_FEATURE:1c_restrict
    Feature record: C_FEATURE:1c_static_assert
    Feature record: C_FEATURE:1c_variadic_macros


Detecting C [-std=c99] compiler features compiled with the following output:
Change Dir: /data/home/mirzawd/software/opencmiss_examples/large_uniaxial_extension/build_debug/CMakeFiles/CMakeTmp

Run Build Command:"/usr/bin/make" "cmTC_f70a6/fast"
make: Warning: File `Makefile' has modification time 1.1e+02 s in the future
/usr/bin/make -f CMakeFiles/cmTC_f70a6.dir/build.make CMakeFiles/cmTC_f70a6.dir/build
make[1]: Entering directory `/data/home/mirzawd/software/opencmiss_examples/large_uniaxial_extension/build_debug/CMakeFiles/CMakeTmp'
make[1]: Warning: File `CMakeFiles/cmTC_f70a6.dir/flags.make' has modification time 1.1e+02 s in the future
Building C object CMakeFiles/cmTC_f70a6.dir/feature_tests.c.o
/usr/bin/cc    -std=c99 -o CMakeFiles/cmTC_f70a6.dir/feature_tests.c.o   -c /data/home/mirzawd/software/opencmiss_examples/large_uniaxial_extension/build_debug/CMakeFiles/feature_tests.c
Linking C executable cmTC_f70a6
/usr/local/opencmiss/dependencies/debug/install/utilities/cmake/bin/cmake -E cmake_link_script CMakeFiles/cmTC_f70a6.dir/link.txt --verbose=1
/usr/bin/cc       CMakeFiles/cmTC_f70a6.dir/feature_tests.c.o  -o cmTC_f70a6 -rdynamic 
make[1]: Leaving directory `/data/home/mirzawd/software/opencmiss_examples/large_uniaxial_extension/build_debug/CMakeFiles/CMakeTmp'
make[1]: warning:  Clock skew detected.  Your build may be incomplete.
make: warning:  Clock skew detected.  Your build may be incomplete.


    Feature record: C_FEATURE:1c_function_prototypes
    Feature record: C_FEATURE:1c_restrict
    Feature record: C_FEATURE:0c_static_assert
    Feature record: C_FEATURE:1c_variadic_macros


Detecting C [-std=c90] compiler features compiled with the following output:
Change Dir: /data/home/mirzawd/software/opencmiss_examples/large_uniaxial_extension/build_debug/CMakeFiles/CMakeTmp

Run Build Command:"/usr/bin/make" "cmTC_e77f5/fast"
make: Warning: File `Makefile' has modification time 1.1e+02 s in the future
/usr/bin/make -f CMakeFiles/cmTC_e77f5.dir/build.make CMakeFiles/cmTC_e77f5.dir/build
make[1]: Entering directory `/data/home/mirzawd/software/opencmiss_examples/large_uniaxial_extension/build_debug/CMakeFiles/CMakeTmp'
make[1]: Warning: File `CMakeFiles/cmTC_e77f5.dir/flags.make' has modification time 1.1e+02 s in the future
Building C object CMakeFiles/cmTC_e77f5.dir/feature_tests.c.o
/usr/bin/cc    -std=c90 -o CMakeFiles/cmTC_e77f5.dir/feature_tests.c.o   -c /data/home/mirzawd/software/opencmiss_examples/large_uniaxial_extension/build_debug/CMakeFiles/feature_tests.c
Linking C executable cmTC_e77f5
/usr/local/opencmiss/dependencies/debug/install/utilities/cmake/bin/cmake -E cmake_link_script CMakeFiles/cmTC_e77f5.dir/link.txt --verbose=1
/usr/bin/cc       CMakeFiles/cmTC_e77f5.dir/feature_tests.c.o  -o cmTC_e77f5 -rdynamic 
make[1]: Leaving directory `/data/home/mirzawd/software/opencmiss_examples/large_uniaxial_extension/build_debug/CMakeFiles/CMakeTmp'
make[1]: warning:  Clock skew detected.  Your build may be incomplete.
make: warning:  Clock skew detected.  Your build may be incomplete.


    Feature record: C_FEATURE:1c_function_prototypes
    Feature record: C_FEATURE:0c_restrict
    Feature record: C_FEATURE:0c_static_assert
    Feature record: C_FEATURE:0c_variadic_macros
Determining if the include file pthread.h exists passed with the following output:
Change Dir: /data/home/mirzawd/software/opencmiss_examples/large_uniaxial_extension/build_debug/CMakeFiles/CMakeTmp

Run Build Command:"/usr/bin/make" "cmTC_a2593/fast"
make: Warning: File `Makefile' has modification time 1.1e+02 s in the future
/usr/bin/make -f CMakeFiles/cmTC_a2593.dir/build.make CMakeFiles/cmTC_a2593.dir/build
make[1]: Entering directory `/data/home/mirzawd/software/opencmiss_examples/large_uniaxial_extension/build_debug/CMakeFiles/CMakeTmp'
make[1]: Warning: File `CMakeFiles/cmTC_a2593.dir/flags.make' has modification time 1.1e+02 s in the future
Building C object CMakeFiles/cmTC_a2593.dir/CheckIncludeFile.c.o
/usr/bin/cc     -o CMakeFiles/cmTC_a2593.dir/CheckIncludeFile.c.o   -c /data/home/mirzawd/software/opencmiss_examples/large_uniaxial_extension/build_debug/CMakeFiles/CMakeTmp/CheckIncludeFile.c
Linking C executable cmTC_a2593
/usr/local/opencmiss/dependencies/debug/install/utilities/cmake/bin/cmake -E cmake_link_script CMakeFiles/cmTC_a2593.dir/link.txt --verbose=1
/usr/bin/cc       CMakeFiles/cmTC_a2593.dir/CheckIncludeFile.c.o  -o cmTC_a2593 -rdynamic 
make[1]: Leaving directory `/data/home/mirzawd/software/opencmiss_examples/large_uniaxial_extension/build_debug/CMakeFiles/CMakeTmp'
make[1]: warning:  Clock skew detected.  Your build may be incomplete.
make: warning:  Clock skew detected.  Your build may be incomplete.


Determining if the function pthread_create exists in the pthread passed with the following output:
Change Dir: /data/home/mirzawd/software/opencmiss_examples/large_uniaxial_extension/build_debug/CMakeFiles/CMakeTmp

Run Build Command:"/usr/bin/make" "cmTC_bbab2/fast"
make: Warning: File `Makefile' has modification time 1.1e+02 s in the future
/usr/bin/make -f CMakeFiles/cmTC_bbab2.dir/build.make CMakeFiles/cmTC_bbab2.dir/build
make[1]: Entering directory `/data/home/mirzawd/software/opencmiss_examples/large_uniaxial_extension/build_debug/CMakeFiles/CMakeTmp'
make[1]: Warning: File `CMakeFiles/cmTC_bbab2.dir/flags.make' has modification time 1.1e+02 s in the future
Building C object CMakeFiles/cmTC_bbab2.dir/CheckFunctionExists.c.o
/usr/bin/cc    -DCHECK_FUNCTION_EXISTS=pthread_create   -o CMakeFiles/cmTC_bbab2.dir/CheckFunctionExists.c.o   -c /usr/local/opencmiss/dependencies/debug/install/utilities/cmake/share/cmake-3.4/Modules/CheckFunctionExists.c
Linking C executable cmTC_bbab2
/usr/local/opencmiss/dependencies/debug/install/utilities/cmake/bin/cmake -E cmake_link_script CMakeFiles/cmTC_bbab2.dir/link.txt --verbose=1
/usr/bin/cc   -DCHECK_FUNCTION_EXISTS=pthread_create    CMakeFiles/cmTC_bbab2.dir/CheckFunctionExists.c.o  -o cmTC_bbab2 -rdynamic -lpthread 
make[1]: Leaving directory `/data/home/mirzawd/software/opencmiss_examples/large_uniaxial_extension/build_debug/CMakeFiles/CMakeTmp'
make[1]: warning:  Clock skew detected.  Your build may be incomplete.
make: warning:  Clock skew detected.  Your build may be incomplete.


Determining if the function XOpenDisplay exists in the /usr/lib/x86_64-linux-gnu/libX11.so;/usr/lib/x86_64-linux-gnu/libXext.so passed with the following output:
Change Dir: /data/home/mirzawd/software/opencmiss_examples/large_uniaxial_extension/build_debug/CMakeFiles/CMakeTmp

Run Build Command:"/usr/bin/make" "cmTC_6cd62/fast"
make: Warning: File `Makefile' has modification time 1.1e+02 s in the future
/usr/bin/make -f CMakeFiles/cmTC_6cd62.dir/build.make CMakeFiles/cmTC_6cd62.dir/build
make[1]: Entering directory `/data/home/mirzawd/software/opencmiss_examples/large_uniaxial_extension/build_debug/CMakeFiles/CMakeTmp'
make[1]: Warning: File `CMakeFiles/cmTC_6cd62.dir/flags.make' has modification time 1.1e+02 s in the future
Building C object CMakeFiles/cmTC_6cd62.dir/CheckFunctionExists.c.o
/usr/bin/cc    -DCHECK_FUNCTION_EXISTS=XOpenDisplay   -o CMakeFiles/cmTC_6cd62.dir/CheckFunctionExists.c.o   -c /usr/local/opencmiss/dependencies/debug/install/utilities/cmake/share/cmake-3.4/Modules/CheckFunctionExists.c
Linking C executable cmTC_6cd62
/usr/local/opencmiss/dependencies/debug/install/utilities/cmake/bin/cmake -E cmake_link_script CMakeFiles/cmTC_6cd62.dir/link.txt --verbose=1
/usr/bin/cc   -DCHECK_FUNCTION_EXISTS=XOpenDisplay    CMakeFiles/cmTC_6cd62.dir/CheckFunctionExists.c.o  -o cmTC_6cd62 -rdynamic /usr/lib/x86_64-linux-gnu/libX11.so /usr/lib/x86_64-linux-gnu/libXext.so 
make[1]: Leaving directory `/data/home/mirzawd/software/opencmiss_examples/large_uniaxial_extension/build_debug/CMakeFiles/CMakeTmp'
make[1]: warning:  Clock skew detected.  Your build may be incomplete.
make: warning:  Clock skew detected.  Your build may be incomplete.


Determining if the function gethostbyname exists passed with the following output:
Change Dir: /data/home/mirzawd/software/opencmiss_examples/large_uniaxial_extension/build_debug/CMakeFiles/CMakeTmp

Run Build Command:"/usr/bin/make" "cmTC_cc359/fast"
make: Warning: File `Makefile' has modification time 1.1e+02 s in the future
/usr/bin/make -f CMakeFiles/cmTC_cc359.dir/build.make CMakeFiles/cmTC_cc359.dir/build
make[1]: Entering directory `/data/home/mirzawd/software/opencmiss_examples/large_uniaxial_extension/build_debug/CMakeFiles/CMakeTmp'
make[1]: Warning: File `CMakeFiles/cmTC_cc359.dir/flags.make' has modification time 1.1e+02 s in the future
Building C object CMakeFiles/cmTC_cc359.dir/CheckFunctionExists.c.o
/usr/bin/cc    -DCHECK_FUNCTION_EXISTS=gethostbyname   -o CMakeFiles/cmTC_cc359.dir/CheckFunctionExists.c.o   -c /usr/local/opencmiss/dependencies/debug/install/utilities/cmake/share/cmake-3.4/Modules/CheckFunctionExists.c
Linking C executable cmTC_cc359
/usr/local/opencmiss/dependencies/debug/install/utilities/cmake/bin/cmake -E cmake_link_script CMakeFiles/cmTC_cc359.dir/link.txt --verbose=1
/usr/bin/cc   -DCHECK_FUNCTION_EXISTS=gethostbyname    CMakeFiles/cmTC_cc359.dir/CheckFunctionExists.c.o  -o cmTC_cc359 -rdynamic 
make[1]: Leaving directory `/data/home/mirzawd/software/opencmiss_examples/large_uniaxial_extension/build_debug/CMakeFiles/CMakeTmp'
make[1]: warning:  Clock skew detected.  Your build may be incomplete.
make: warning:  Clock skew detected.  Your build may be incomplete.


Determining if the function connect exists passed with the following output:
Change Dir: /data/home/mirzawd/software/opencmiss_examples/large_uniaxial_extension/build_debug/CMakeFiles/CMakeTmp

Run Build Command:"/usr/bin/make" "cmTC_7f64c/fast"
make: Warning: File `Makefile' has modification time 1.1e+02 s in the future
/usr/bin/make -f CMakeFiles/cmTC_7f64c.dir/build.make CMakeFiles/cmTC_7f64c.dir/build
make[1]: Entering directory `/data/home/mirzawd/software/opencmiss_examples/large_uniaxial_extension/build_debug/CMakeFiles/CMakeTmp'
make[1]: Warning: File `CMakeFiles/cmTC_7f64c.dir/flags.make' has modification time 1.1e+02 s in the future
Building C object CMakeFiles/cmTC_7f64c.dir/CheckFunctionExists.c.o
/usr/bin/cc    -DCHECK_FUNCTION_EXISTS=connect   -o CMakeFiles/cmTC_7f64c.dir/CheckFunctionExists.c.o   -c /usr/local/opencmiss/dependencies/debug/install/utilities/cmake/share/cmake-3.4/Modules/CheckFunctionExists.c
Linking C executable cmTC_7f64c
/usr/local/opencmiss/dependencies/debug/install/utilities/cmake/bin/cmake -E cmake_link_script CMakeFiles/cmTC_7f64c.dir/link.txt --verbose=1
/usr/bin/cc   -DCHECK_FUNCTION_EXISTS=connect    CMakeFiles/cmTC_7f64c.dir/CheckFunctionExists.c.o  -o cmTC_7f64c -rdynamic 
make[1]: warning:  Clock skew detected.  Your build may be incomplete.
make[1]: Leaving directory `/data/home/mirzawd/software/opencmiss_examples/large_uniaxial_extension/build_debug/CMakeFiles/CMakeTmp'
make: warning:  Clock skew detected.  Your build may be incomplete.


Determining if the function remove exists passed with the following output:
Change Dir: /data/home/mirzawd/software/opencmiss_examples/large_uniaxial_extension/build_debug/CMakeFiles/CMakeTmp

Run Build Command:"/usr/bin/make" "cmTC_a6188/fast"
make: Warning: File `Makefile' has modification time 1.1e+02 s in the future
/usr/bin/make -f CMakeFiles/cmTC_a6188.dir/build.make CMakeFiles/cmTC_a6188.dir/build
make[1]: Entering directory `/data/home/mirzawd/software/opencmiss_examples/large_uniaxial_extension/build_debug/CMakeFiles/CMakeTmp'
make[1]: Warning: File `CMakeFiles/cmTC_a6188.dir/flags.make' has modification time 1.1e+02 s in the future
Building C object CMakeFiles/cmTC_a6188.dir/CheckFunctionExists.c.o
/usr/bin/cc    -DCHECK_FUNCTION_EXISTS=remove   -o CMakeFiles/cmTC_a6188.dir/CheckFunctionExists.c.o   -c /usr/local/opencmiss/dependencies/debug/install/utilities/cmake/share/cmake-3.4/Modules/CheckFunctionExists.c
Linking C executable cmTC_a6188
/usr/local/opencmiss/dependencies/debug/install/utilities/cmake/bin/cmake -E cmake_link_script CMakeFiles/cmTC_a6188.dir/link.txt --verbose=1
/usr/bin/cc   -DCHECK_FUNCTION_EXISTS=remove    CMakeFiles/cmTC_a6188.dir/CheckFunctionExists.c.o  -o cmTC_a6188 -rdynamic 
make[1]: warning:  Clock skew detected.  Your build may be incomplete.
make[1]: Leaving directory `/data/home/mirzawd/software/opencmiss_examples/large_uniaxial_extension/build_debug/CMakeFiles/CMakeTmp'
make: warning:  Clock skew detected.  Your build may be incomplete.


Determining if the function shmat exists passed with the following output:
Change Dir: /data/home/mirzawd/software/opencmiss_examples/large_uniaxial_extension/build_debug/CMakeFiles/CMakeTmp

Run Build Command:"/usr/bin/make" "cmTC_23c1b/fast"
make: Warning: File `Makefile' has modification time 1.1e+02 s in the future
/usr/bin/make -f CMakeFiles/cmTC_23c1b.dir/build.make CMakeFiles/cmTC_23c1b.dir/build
make[1]: Entering directory `/data/home/mirzawd/software/opencmiss_examples/large_uniaxial_extension/build_debug/CMakeFiles/CMakeTmp'
make[1]: Warning: File `CMakeFiles/cmTC_23c1b.dir/flags.make' has modification time 1.1e+02 s in the future
Building C object CMakeFiles/cmTC_23c1b.dir/CheckFunctionExists.c.o
/usr/bin/cc    -DCHECK_FUNCTION_EXISTS=shmat   -o CMakeFiles/cmTC_23c1b.dir/CheckFunctionExists.c.o   -c /usr/local/opencmiss/dependencies/debug/install/utilities/cmake/share/cmake-3.4/Modules/CheckFunctionExists.c
Linking C executable cmTC_23c1b
/usr/local/opencmiss/dependencies/debug/install/utilities/cmake/bin/cmake -E cmake_link_script CMakeFiles/cmTC_23c1b.dir/link.txt --verbose=1
/usr/bin/cc   -DCHECK_FUNCTION_EXISTS=shmat    CMakeFiles/cmTC_23c1b.dir/CheckFunctionExists.c.o  -o cmTC_23c1b -rdynamic 
make[1]: Leaving directory `/data/home/mirzawd/software/opencmiss_examples/large_uniaxial_extension/build_debug/CMakeFiles/CMakeTmp'
make[1]: warning:  Clock skew detected.  Your build may be incomplete.
make: warning:  Clock skew detected.  Your build may be incomplete.


Determining if the function IceConnectionNumber exists in the ICE passed with the following output:
Change Dir: /data/home/mirzawd/software/opencmiss_examples/large_uniaxial_extension/build_debug/CMakeFiles/CMakeTmp

Run Build Command:"/usr/bin/make" "cmTC_39d0c/fast"
make: Warning: File `Makefile' has modification time 1.1e+02 s in the future
/usr/bin/make -f CMakeFiles/cmTC_39d0c.dir/build.make CMakeFiles/cmTC_39d0c.dir/build
make[1]: Entering directory `/data/home/mirzawd/software/opencmiss_examples/large_uniaxial_extension/build_debug/CMakeFiles/CMakeTmp'
make[1]: Warning: File `CMakeFiles/cmTC_39d0c.dir/flags.make' has modification time 1.1e+02 s in the future
Building C object CMakeFiles/cmTC_39d0c.dir/CheckFunctionExists.c.o
/usr/bin/cc    -DCHECK_FUNCTION_EXISTS=IceConnectionNumber   -o CMakeFiles/cmTC_39d0c.dir/CheckFunctionExists.c.o   -c /usr/local/opencmiss/dependencies/debug/install/utilities/cmake/share/cmake-3.4/Modules/CheckFunctionExists.c
Linking C executable cmTC_39d0c
/usr/local/opencmiss/dependencies/debug/install/utilities/cmake/bin/cmake -E cmake_link_script CMakeFiles/cmTC_39d0c.dir/link.txt --verbose=1
/usr/bin/cc   -DCHECK_FUNCTION_EXISTS=IceConnectionNumber    CMakeFiles/cmTC_39d0c.dir/CheckFunctionExists.c.o  -o cmTC_39d0c -rdynamic -lICE 
make[1]: Leaving directory `/data/home/mirzawd/software/opencmiss_examples/large_uniaxial_extension/build_debug/CMakeFiles/CMakeTmp'
make[1]: warning:  Clock skew detected.  Your build may be incomplete.
make: warning:  Clock skew detected.  Your build may be incomplete.


Performing Fortran SOURCE FILE Test MPI_Fortran_MODULE_COMPATIBLE succeded with the following output:
Change Dir: /data/home/mirzawd/software/opencmiss_examples/large_uniaxial_extension/build_debug/CMakeFiles/CMakeTmp

Run Build Command:"/usr/bin/make" "cmTC_dba52/fast"
make: Warning: File `Makefile' has modification time 1.1e+02 s in the future
/usr/bin/make -f CMakeFiles/cmTC_dba52.dir/build.make CMakeFiles/cmTC_dba52.dir/build
make[1]: Entering directory `/data/home/mirzawd/software/opencmiss_examples/large_uniaxial_extension/build_debug/CMakeFiles/CMakeTmp'
make[1]: Warning: File `CMakeFiles/cmTC_dba52.dir/flags.make' has modification time 1.1e+02 s in the future
Building Fortran object CMakeFiles/cmTC_dba52.dir/src.F.o
/usr/bin/f95   -I/usr/lib/openmpi/include -I/usr/lib/openmpi/lib  -DMPI_Fortran_MODULE_COMPATIBLE   -c /data/home/mirzawd/software/opencmiss_examples/large_uniaxial_extension/build_debug/CMakeFiles/CMakeTmp/src.F -o CMakeFiles/cmTC_dba52.dir/src.F.o
Linking Fortran executable cmTC_dba52
/usr/local/opencmiss/dependencies/debug/install/utilities/cmake/bin/cmake -E cmake_link_script CMakeFiles/cmTC_dba52.dir/link.txt --verbose=1
/usr/bin/f95      -DMPI_Fortran_MODULE_COMPATIBLE CMakeFiles/cmTC_dba52.dir/src.F.o  -o cmTC_dba52  /usr/lib/libmpi_f90.so /usr/lib/libmpi_f77.so /usr/lib/libmpi.so /usr/lib/x86_64-linux-gnu/libdl.so /usr/lib/x86_64-linux-gnu/libhwloc.so 
make[1]: Leaving directory `/data/home/mirzawd/software/opencmiss_examples/large_uniaxial_extension/build_debug/CMakeFiles/CMakeTmp'
make[1]: warning:  Clock skew detected.  Your build may be incomplete.
make: warning:  Clock skew detected.  Your build may be incomplete.

Source file was:
	program test_mpi_module
                    	use mpi
                    	end program test_mpi_module
